#################################################################
# If you used AutoDock Vina in your work, please cite:          #
#                                                               #
# O. Trott, A. J. Olson,                                        #
# AutoDock Vina: improving the speed and accuracy of docking    #
# with a new scoring function, efficient optimization and       #
# multithreading, Journal of Computational Chemistry 31 (2010)  #
# 455-461                                                       #
#                                                               #
# DOI 10.1002/jcc.21334                                         #
#                                                               #
# Please see http://vina.scripps.edu for more information.      #
#################################################################

Detected 12 CPUs
Reading input ... done.
Setting up the scoring function ... done.
Analyzing the binding site ... done.
Using random seed: 1540371280
Performing search ... done.
Refining results ... done.

mode |   affinity | dist from best mode
     | (kcal/mol) | rmsd l.b.| rmsd u.b.
-----+------------+----------+----------
   1         -7.2      0.000      0.000
   2         -7.1      1.399      2.161
   3         -7.1      3.403      6.537
   4         -6.9      2.771      7.326
   5         -6.9      3.017      7.003
   6         -6.9      2.455      7.898
   7         -6.9      2.592      6.196
   8         -6.8      2.507      6.797
   9         -6.7      3.592      8.113
  10         -6.7      3.412      7.073
  11         -6.7      2.027      5.540
  12         -6.7      2.296      6.200
  13         -6.6      1.836      5.502
  14         -6.6      3.585      9.416
  15         -6.6      3.226      9.431
  16         -6.5      3.560      7.887
  17         -6.5      2.787      7.826
  18         -6.5      2.190      8.647
  19         -6.5      3.203      8.490
  20         -6.4      2.883      7.933
Writing output ... done.
