#################################################################
# If you used AutoDock Vina in your work, please cite:          #
#                                                               #
# O. Trott, A. J. Olson,                                        #
# AutoDock Vina: improving the speed and accuracy of docking    #
# with a new scoring function, efficient optimization and       #
# multithreading, Journal of Computational Chemistry 31 (2010)  #
# 455-461                                                       #
#                                                               #
# DOI 10.1002/jcc.21334                                         #
#                                                               #
# Please see http://vina.scripps.edu for more information.      #
#################################################################

Detected 12 CPUs
Reading input ... done.
Setting up the scoring function ... done.
Analyzing the binding site ... done.
Using random seed: 46840608
Performing search ... done.
Refining results ... done.

mode |   affinity | dist from best mode
     | (kcal/mol) | rmsd l.b.| rmsd u.b.
-----+------------+----------+----------
   1         -6.9      0.000      0.000
   2         -6.9      1.528      2.106
   3         -6.9      2.443      6.477
   4         -6.9      3.477      7.274
   5         -6.8      2.571      5.824
   6         -6.7      1.887      5.870
   7         -6.7      2.209      5.292
   8         -6.7      2.033      8.274
   9         -6.6      2.866      6.804
  10         -6.6      3.058      8.708
  11         -6.6      2.004      4.624
  12         -6.6      3.471      7.892
  13         -6.6      3.525      8.298
  14         -6.6      2.305      6.214
  15         -6.5      2.163      7.599
  16         -6.5      2.155      5.456
  17         -6.5      1.748      5.026
  18         -6.5      1.915      8.416
  19         -6.4      2.639      7.641
  20         -6.3      3.689      9.334
Writing output ... done.
