#################################################################
# If you used AutoDock Vina in your work, please cite:          #
#                                                               #
# O. Trott, A. J. Olson,                                        #
# AutoDock Vina: improving the speed and accuracy of docking    #
# with a new scoring function, efficient optimization and       #
# multithreading, Journal of Computational Chemistry 31 (2010)  #
# 455-461                                                       #
#                                                               #
# DOI 10.1002/jcc.21334                                         #
#                                                               #
# Please see http://vina.scripps.edu for more information.      #
#################################################################

Detected 12 CPUs
Reading input ... done.
Setting up the scoring function ... done.
Analyzing the binding site ... done.
Using random seed: 1437845394
Performing search ... done.
Refining results ... done.

mode |   affinity | dist from best mode
     | (kcal/mol) | rmsd l.b.| rmsd u.b.
-----+------------+----------+----------
   1         -7.6      0.000      0.000
   2         -7.5      1.430      2.190
   3         -7.4      3.193      7.421
   4         -7.4      1.733      2.687
   5         -7.3      3.331      6.514
   6         -7.2      3.394      7.286
   7         -7.2      2.486      8.739
   8         -7.1      2.198      5.202
   9         -7.1      3.045      9.261
  10         -7.1      1.887      5.780
  11         -7.1      2.818      5.006
  12         -7.1      2.893      7.154
  13         -7.1      2.569      8.299
  14         -7.0      3.521      8.305
  15         -7.0      3.306      7.317
  16         -7.0      2.488      6.892
  17         -7.0      2.287      6.022
  18         -7.0      3.134      8.157
  19         -7.0      2.736      6.894
  20         -6.9      2.213      5.431
Writing output ... done.
