#################################################################
# If you used AutoDock Vina in your work, please cite:          #
#                                                               #
# O. Trott, A. J. Olson,                                        #
# AutoDock Vina: improving the speed and accuracy of docking    #
# with a new scoring function, efficient optimization and       #
# multithreading, Journal of Computational Chemistry 31 (2010)  #
# 455-461                                                       #
#                                                               #
# DOI 10.1002/jcc.21334                                         #
#                                                               #
# Please see http://vina.scripps.edu for more information.      #
#################################################################

Detected 12 CPUs
WARNING: at low exhaustiveness, it may be impossible to utilize all CPUs
Reading input ... done.
Setting up the scoring function ... done.
Analyzing the binding site ... done.
Using random seed: -1868087504
Performing search ... done.
Refining results ... done.

mode |   affinity | dist from best mode
     | (kcal/mol) | rmsd l.b.| rmsd u.b.
-----+------------+----------+----------
   1         -7.3      0.000      0.000
   2         -7.3      3.106      9.212
   3         -7.2      3.526      9.104
   4         -7.1      2.440      8.046
   5         -7.0      3.020      7.132
   6         -7.0      2.716      5.770
   7         -7.0      2.784      7.729
   8         -7.0      2.670      6.577
   9         -6.9      2.489      7.275
  10         -6.8      2.424      6.801
  11         -6.8      2.329      7.107
  12         -6.8      2.829      8.060
  13         -6.7      2.354      6.004
  14         -6.7      2.338      6.802
  15         -6.6      2.932      7.834
  16         -6.6      2.167      5.730
  17         -6.6      2.459      7.153
  18         -6.5      2.686      7.575
  19         -6.5      2.433      7.345
  20         -6.5      2.315      6.165
Writing output ... done.
