#################################################################
# If you used AutoDock Vina in your work, please cite:          #
#                                                               #
# O. Trott, A. J. Olson,                                        #
# AutoDock Vina: improving the speed and accuracy of docking    #
# with a new scoring function, efficient optimization and       #
# multithreading, Journal of Computational Chemistry 31 (2010)  #
# 455-461                                                       #
#                                                               #
# DOI 10.1002/jcc.21334                                         #
#                                                               #
# Please see http://vina.scripps.edu for more information.      #
#################################################################

Detected 12 CPUs
Reading input ... done.
Setting up the scoring function ... done.
Analyzing the binding site ... done.
Using random seed: 1655975870
Performing search ... done.
Refining results ... done.

mode |   affinity | dist from best mode
     | (kcal/mol) | rmsd l.b.| rmsd u.b.
-----+------------+----------+----------
   1         -7.1      0.000      0.000
   2         -7.0      1.799      2.745
   3         -7.0      1.609      2.324
   4         -7.0      3.300      6.614
   5         -6.9      3.383      7.366
   6         -6.8      2.345      5.248
   7         -6.8      2.186      5.788
   8         -6.8      2.319      6.058
   9         -6.7      2.459      7.936
  10         -6.7      2.292      7.291
  11         -6.7      2.615      6.584
  12         -6.7      2.064      5.821
  13         -6.7      3.018      5.485
  14         -6.6      2.490      4.559
  15         -6.6      3.006      7.995
  16         -6.6      2.890      8.910
  17         -6.6      2.952      6.883
  18         -6.4      1.677      5.286
  19         -6.4      3.474      9.132
  20         -6.4      2.186      4.085
Writing output ... done.
