#################################################################
# If you used AutoDock Vina in your work, please cite:          #
#                                                               #
# O. Trott, A. J. Olson,                                        #
# AutoDock Vina: improving the speed and accuracy of docking    #
# with a new scoring function, efficient optimization and       #
# multithreading, Journal of Computational Chemistry 31 (2010)  #
# 455-461                                                       #
#                                                               #
# DOI 10.1002/jcc.21334                                         #
#                                                               #
# Please see http://vina.scripps.edu for more information.      #
#################################################################

Detected 12 CPUs
Reading input ... done.
Setting up the scoring function ... done.
Analyzing the binding site ... done.
Using random seed: -597996154
Performing search ... done.
Refining results ... done.

mode |   affinity | dist from best mode
     | (kcal/mol) | rmsd l.b.| rmsd u.b.
-----+------------+----------+----------
   1         -7.3      0.000      0.000
   2         -7.1      1.429      2.117
   3         -7.1      2.987      6.584
   4         -7.0      1.739      2.682
   5         -7.0      1.970      3.495
   6         -7.0      2.400      5.254
   7         -6.9      3.587      6.320
   8         -6.9      2.639      5.851
   9         -6.8      2.508      4.010
  10         -6.8      2.164      8.437
  11         -6.8      2.520      7.869
  12         -6.8      1.781      5.556
  13         -6.8      2.756      5.820
  14         -6.8      1.987      5.243
  15         -6.8      2.584      6.639
  16         -6.7      3.402      8.899
  17         -6.7      3.128      5.842
  18         -6.6      3.200      9.003
  19         -6.5      2.688      7.554
  20         -6.4      4.426     10.456
Writing output ... done.
