#################################################################
# If you used AutoDock Vina in your work, please cite:          #
#                                                               #
# O. Trott, A. J. Olson,                                        #
# AutoDock Vina: improving the speed and accuracy of docking    #
# with a new scoring function, efficient optimization and       #
# multithreading, Journal of Computational Chemistry 31 (2010)  #
# 455-461                                                       #
#                                                               #
# DOI 10.1002/jcc.21334                                         #
#                                                               #
# Please see http://vina.scripps.edu for more information.      #
#################################################################

Detected 12 CPUs
Reading input ... done.
Setting up the scoring function ... done.
Analyzing the binding site ... done.
Using random seed: 473292007
Performing search ... done.
Refining results ... done.

mode |   affinity | dist from best mode
     | (kcal/mol) | rmsd l.b.| rmsd u.b.
-----+------------+----------+----------
   1         -7.2      0.000      0.000
   2         -7.1      3.414      6.571
   3         -7.0      1.428      2.115
   4         -7.0      3.465      7.251
   5         -6.9      1.982      5.616
   6         -6.9      2.453      7.906
   7         -6.8      2.388      5.511
   8         -6.8      2.561      6.490
   9         -6.8      2.076      5.750
  10         -6.8      3.639      8.195
  11         -6.8      2.167      5.698
  12         -6.7      2.745      7.394
  13         -6.7      3.593      7.878
  14         -6.7      1.847      5.597
  15         -6.7      2.514      6.755
  16         -6.6      3.162      6.788
  17         -6.6      2.012      7.959
  18         -6.6      2.818      9.019
  19         -6.6      3.526      9.339
  20         -6.5      2.318      7.358
Writing output ... done.
