#################################################################
# If you used AutoDock Vina in your work, please cite:          #
#                                                               #
# O. Trott, A. J. Olson,                                        #
# AutoDock Vina: improving the speed and accuracy of docking    #
# with a new scoring function, efficient optimization and       #
# multithreading, Journal of Computational Chemistry 31 (2010)  #
# 455-461                                                       #
#                                                               #
# DOI 10.1002/jcc.21334                                         #
#                                                               #
# Please see http://vina.scripps.edu for more information.      #
#################################################################

Detected 12 CPUs
Reading input ... done.
Setting up the scoring function ... done.
Analyzing the binding site ... done.
Using random seed: 2045102288
Performing search ... done.
Refining results ... done.

mode |   affinity | dist from best mode
     | (kcal/mol) | rmsd l.b.| rmsd u.b.
-----+------------+----------+----------
   1         -7.5      0.000      0.000
   2         -7.4      1.693      2.313
   3         -7.4      3.305      6.604
   4         -7.2      2.512      8.329
   5         -7.1      2.893      9.164
   6         -7.1      3.252      7.410
   7         -7.0      3.302      7.200
   8         -7.0      2.504      7.255
   9         -7.0      3.261      8.616
  10         -6.9      2.256      5.037
  11         -6.9      2.048      4.928
  12         -6.9      2.471      6.947
  13         -6.9      1.919      5.633
  14         -6.8      3.219      8.309
  15         -6.8      3.333      7.463
  16         -6.8      3.425      9.394
  17         -6.8      3.112      8.258
  18         -6.8      3.216      7.272
  19         -6.8      2.730      7.777
  20         -6.7      2.297      7.643
Writing output ... done.
