#################################################################
# If you used AutoDock Vina in your work, please cite:          #
#                                                               #
# O. Trott, A. J. Olson,                                        #
# AutoDock Vina: improving the speed and accuracy of docking    #
# with a new scoring function, efficient optimization and       #
# multithreading, Journal of Computational Chemistry 31 (2010)  #
# 455-461                                                       #
#                                                               #
# DOI 10.1002/jcc.21334                                         #
#                                                               #
# Please see http://vina.scripps.edu for more information.      #
#################################################################

Detected 12 CPUs
Reading input ... done.
Setting up the scoring function ... done.
Analyzing the binding site ... done.
Using random seed: -678517250
Performing search ... done.
Refining results ... done.

mode |   affinity | dist from best mode
     | (kcal/mol) | rmsd l.b.| rmsd u.b.
-----+------------+----------+----------
   1         -7.1      0.000      0.000
   2         -7.1      1.466      2.046
   3         -7.0      3.432      6.518
   4         -6.9      2.330      7.053
   5         -6.9      1.925      5.662
   6         -6.9      2.461      8.067
   7         -6.9      2.480      6.096
   8         -6.8      3.441      7.124
   9         -6.8      3.018      7.589
  10         -6.8      2.041      3.940
  11         -6.8      3.056      9.065
  12         -6.8      2.429      6.039
  13         -6.7      2.238      8.531
  14         -6.7      2.704      7.551
  15         -6.6      3.268      5.027
  16         -6.6      3.479      7.414
  17         -6.6      3.588      9.485
  18         -6.6      3.202      8.425
  19         -6.5      3.148      7.771
  20         -6.5      2.933      7.902
Writing output ... done.
