#################################################################
# If you used AutoDock Vina in your work, please cite:          #
#                                                               #
# O. Trott, A. J. Olson,                                        #
# AutoDock Vina: improving the speed and accuracy of docking    #
# with a new scoring function, efficient optimization and       #
# multithreading, Journal of Computational Chemistry 31 (2010)  #
# 455-461                                                       #
#                                                               #
# DOI 10.1002/jcc.21334                                         #
#                                                               #
# Please see http://vina.scripps.edu for more information.      #
#################################################################

Detected 12 CPUs
WARNING: at low exhaustiveness, it may be impossible to utilize all CPUs
Reading input ... done.
Setting up the scoring function ... done.
Analyzing the binding site ... done.
Using random seed: -987438890
Performing search ... done.
Refining results ... done.

mode |   affinity | dist from best mode
     | (kcal/mol) | rmsd l.b.| rmsd u.b.
-----+------------+----------+----------
   1         -7.1      0.000      0.000
   2         -7.0      3.291      6.640
   3         -7.0      1.803      2.828
   4         -6.9      3.423      7.361
   5         -6.8      2.669      7.147
   6         -6.8      2.020      5.717
   7         -6.8      3.366      8.251
   8         -6.7      3.412      7.972
   9         -6.6      2.422      8.669
  10         -6.5      2.448      7.632
  11         -6.5      3.195      6.654
  12         -6.4      2.485      7.857
  13         -6.4      2.754      7.476
  14         -6.4      1.769      5.219
  15         -6.4      2.580      8.292
  16         -6.3      3.546      9.332
  17         -6.3      3.693      8.544
  18         -6.3      2.304      7.054
  19         -6.2      2.382      5.288
Writing output ... done.
