#################################################################
# If you used AutoDock Vina in your work, please cite:          #
#                                                               #
# O. Trott, A. J. Olson,                                        #
# AutoDock Vina: improving the speed and accuracy of docking    #
# with a new scoring function, efficient optimization and       #
# multithreading, Journal of Computational Chemistry 31 (2010)  #
# 455-461                                                       #
#                                                               #
# DOI 10.1002/jcc.21334                                         #
#                                                               #
# Please see http://vina.scripps.edu for more information.      #
#################################################################

Detected 12 CPUs
Reading input ... done.
Setting up the scoring function ... done.
Analyzing the binding site ... done.
Using random seed: -1184694047
Performing search ... done.
Refining results ... done.

mode |   affinity | dist from best mode
     | (kcal/mol) | rmsd l.b.| rmsd u.b.
-----+------------+----------+----------
   1         -7.1      0.000      0.000
   2         -7.0      1.781      2.670
   3         -6.9      3.284      6.660
   4         -6.8      3.379      7.380
   5         -6.8      2.927      6.917
   6         -6.7      2.445      7.986
   7         -6.7      2.270      6.067
   8         -6.7      2.075      5.887
   9         -6.7      2.336      5.278
  10         -6.7      2.388      6.218
  11         -6.6      2.730      7.147
  12         -6.6      2.862      7.940
  13         -6.6      2.952      8.797
  14         -6.6      3.045      5.854
  15         -6.6      2.857      7.311
  16         -6.5      3.002      7.525
  17         -6.5      3.017      8.104
  18         -6.5      3.502      8.320
  19         -6.4      3.084      7.472
  20         -6.4      3.397      9.002
Writing output ... done.
