#################################################################
# If you used AutoDock Vina in your work, please cite:          #
#                                                               #
# O. Trott, A. J. Olson,                                        #
# AutoDock Vina: improving the speed and accuracy of docking    #
# with a new scoring function, efficient optimization and       #
# multithreading, Journal of Computational Chemistry 31 (2010)  #
# 455-461                                                       #
#                                                               #
# DOI 10.1002/jcc.21334                                         #
#                                                               #
# Please see http://vina.scripps.edu for more information.      #
#################################################################

Detected 12 CPUs
Reading input ... done.
Setting up the scoring function ... done.
Analyzing the binding site ... done.
Using random seed: 1151040664
Performing search ... done.
Refining results ... done.

mode |   affinity | dist from best mode
     | (kcal/mol) | rmsd l.b.| rmsd u.b.
-----+------------+----------+----------
   1         -7.1      0.000      0.000
   2         -7.1      3.024      7.020
   3         -7.0      1.517      2.152
   4         -7.0      3.548      7.232
   5         -7.0      3.354      7.359
   6         -7.0      2.007      5.310
   7         -6.8      2.487      6.020
   8         -6.8      2.181      3.612
   9         -6.8      2.462      7.890
  10         -6.8      2.599      6.743
  11         -6.8      1.798      5.529
  12         -6.7      2.358      7.440
  13         -6.7      3.268      8.472
  14         -6.6      4.306      8.293
  15         -6.6      3.680      9.439
  16         -6.6      2.186      4.084
  17         -6.5      3.129      8.079
  18         -6.5      3.425      7.101
  19         -6.5      2.735      8.680
  20         -6.5      2.946      8.919
Writing output ... done.
