#################################################################
# If you used AutoDock Vina in your work, please cite:          #
#                                                               #
# O. Trott, A. J. Olson,                                        #
# AutoDock Vina: improving the speed and accuracy of docking    #
# with a new scoring function, efficient optimization and       #
# multithreading, Journal of Computational Chemistry 31 (2010)  #
# 455-461                                                       #
#                                                               #
# DOI 10.1002/jcc.21334                                         #
#                                                               #
# Please see http://vina.scripps.edu for more information.      #
#################################################################

Detected 12 CPUs
WARNING: at low exhaustiveness, it may be impossible to utilize all CPUs
Reading input ... done.
Setting up the scoring function ... done.
Analyzing the binding site ... done.
Using random seed: -1339330319
Performing search ... done.
Refining results ... done.

mode |   affinity | dist from best mode
     | (kcal/mol) | rmsd l.b.| rmsd u.b.
-----+------------+----------+----------
   1         -7.2      0.000      0.000
   2         -7.2      1.760      2.707
   3         -7.2      1.430      2.019
   4         -7.1      3.264      6.717
   5         -7.0      3.581      6.131
   6         -6.9      2.493      7.898
   7         -6.8      3.140      9.070
   8         -6.7      1.967      5.187
   9         -6.7      3.592      6.716
  10         -6.6      3.654      7.595
  11         -6.5      3.121      7.281
  12         -6.5      2.565      7.924
  13         -6.5      2.570      3.992
  14         -6.5      3.180      6.654
  15         -6.5      3.810      9.995
  16         -6.5      3.348      6.623
  17         -6.4      3.538      6.585
  18         -6.4      2.207      8.224
  19         -6.4      2.838      8.217
  20         -6.3      2.766      7.418
Writing output ... done.
