#################################################################
# If you used AutoDock Vina in your work, please cite:          #
#                                                               #
# O. Trott, A. J. Olson,                                        #
# AutoDock Vina: improving the speed and accuracy of docking    #
# with a new scoring function, efficient optimization and       #
# multithreading, Journal of Computational Chemistry 31 (2010)  #
# 455-461                                                       #
#                                                               #
# DOI 10.1002/jcc.21334                                         #
#                                                               #
# Please see http://vina.scripps.edu for more information.      #
#################################################################

Detected 12 CPUs
WARNING: at low exhaustiveness, it may be impossible to utilize all CPUs
Reading input ... done.
Setting up the scoring function ... done.
Analyzing the binding site ... done.
Using random seed: -1951173776
Performing search ... done.
Refining results ... done.

mode |   affinity | dist from best mode
     | (kcal/mol) | rmsd l.b.| rmsd u.b.
-----+------------+----------+----------
   1         -7.3      0.000      0.000
   2         -7.3      2.578      7.768
   3         -7.2      3.851      8.236
   4         -7.1      1.372      2.689
   5         -6.9      3.264      8.378
   6         -6.9      2.542     10.294
   7         -6.9      3.067      6.593
   8         -6.8      3.173      9.956
   9         -6.8      2.519      5.028
  10         -6.8      2.644      9.322
  11         -6.7      3.153      7.311
  12         -6.6      3.671      8.353
  13         -6.6      2.239     10.067
  14         -6.6      2.519      4.598
  15         -6.6      2.444      9.726
  16         -6.6      3.009      8.171
  17         -6.5      2.407      6.200
  18         -6.5      2.565      5.183
  19         -6.5      3.092      9.846
  20         -6.5      2.702      9.329
Writing output ... done.
