#################################################################
# If you used AutoDock Vina in your work, please cite:          #
#                                                               #
# O. Trott, A. J. Olson,                                        #
# AutoDock Vina: improving the speed and accuracy of docking    #
# with a new scoring function, efficient optimization and       #
# multithreading, Journal of Computational Chemistry 31 (2010)  #
# 455-461                                                       #
#                                                               #
# DOI 10.1002/jcc.21334                                         #
#                                                               #
# Please see http://vina.scripps.edu for more information.      #
#################################################################

Detected 12 CPUs
Reading input ... done.
Setting up the scoring function ... done.
Analyzing the binding site ... done.
Using random seed: 1755098340
Performing search ... done.
Refining results ... done.

mode |   affinity | dist from best mode
     | (kcal/mol) | rmsd l.b.| rmsd u.b.
-----+------------+----------+----------
   1         -7.1      0.000      0.000
   2         -7.1      3.349      7.132
   3         -7.1      1.524      2.152
   4         -7.0      2.907      5.970
   5         -6.9      3.396      7.805
   6         -6.9      2.808      7.729
   7         -6.9      2.023      8.383
   8         -6.9      1.990      5.659
   9         -6.9      1.930      8.585
  10         -6.8      1.869      4.883
  11         -6.8      2.879      7.417
  12         -6.7      2.476      6.585
  13         -6.7      2.758      7.862
  14         -6.6      3.679      9.724
  15         -6.6      3.089      6.904
  16         -6.6      2.462      6.957
  17         -6.6      3.475      9.154
  18         -6.6      2.370      7.665
  19         -6.5      3.124      9.070
  20         -6.4      2.940      7.545
Writing output ... done.
