#################################################################
# If you used AutoDock Vina in your work, please cite:          #
#                                                               #
# O. Trott, A. J. Olson,                                        #
# AutoDock Vina: improving the speed and accuracy of docking    #
# with a new scoring function, efficient optimization and       #
# multithreading, Journal of Computational Chemistry 31 (2010)  #
# 455-461                                                       #
#                                                               #
# DOI 10.1002/jcc.21334                                         #
#                                                               #
# Please see http://vina.scripps.edu for more information.      #
#################################################################

Detected 12 CPUs
Reading input ... done.
Setting up the scoring function ... done.
Analyzing the binding site ... done.
Using random seed: -481587149
Performing search ... done.
Refining results ... done.

mode |   affinity | dist from best mode
     | (kcal/mol) | rmsd l.b.| rmsd u.b.
-----+------------+----------+----------
   1         -7.5      0.000      0.000
   2         -7.4      1.621      2.416
   3         -7.4      3.018      7.331
   4         -7.3      3.382      6.655
   5         -7.3      2.136      5.889
   6         -7.2      1.904      5.836
   7         -7.2      2.931      7.193
   8         -7.1      3.437      7.361
   9         -7.1      2.482      6.922
  10         -7.0      2.597      7.195
  11         -7.0      2.459      8.731
  12         -7.0      2.626      4.974
  13         -6.9      2.443      8.287
  14         -6.9      2.313      5.172
  15         -6.9      2.035      3.764
  16         -6.9      3.138      8.157
  17         -6.9      2.926      7.529
  18         -6.8      2.967      9.105
  19         -6.8      3.574      9.347
  20         -6.7      2.846      7.687
Writing output ... done.
