#################################################################
# If you used AutoDock Vina in your work, please cite:          #
#                                                               #
# O. Trott, A. J. Olson,                                        #
# AutoDock Vina: improving the speed and accuracy of docking    #
# with a new scoring function, efficient optimization and       #
# multithreading, Journal of Computational Chemistry 31 (2010)  #
# 455-461                                                       #
#                                                               #
# DOI 10.1002/jcc.21334                                         #
#                                                               #
# Please see http://vina.scripps.edu for more information.      #
#################################################################

Detected 12 CPUs
WARNING: at low exhaustiveness, it may be impossible to utilize all CPUs
Reading input ... done.
Setting up the scoring function ... done.
Analyzing the binding site ... done.
Using random seed: -238921304
Performing search ... done.
Refining results ... done.

mode |   affinity | dist from best mode
     | (kcal/mol) | rmsd l.b.| rmsd u.b.
-----+------------+----------+----------
   1         -7.2      0.000      0.000
   2         -7.2      2.551      7.833
   3         -7.1      2.353     10.069
   4         -7.1      2.915      9.084
   5         -7.0      2.612      9.392
   6         -6.9      2.417      6.306
   7         -6.8      2.749      7.879
   8         -6.8      3.513      8.710
   9         -6.8      2.420      7.215
  10         -6.7      2.221      6.257
  11         -6.7      2.476      9.323
  12         -6.6      2.289      6.880
  13         -6.6      2.345      9.200
  14         -6.4      1.525      1.937
  15         -6.4      1.644      2.207
  16         -6.4      2.528      5.842
  17         -6.3      2.929      9.120
  18         -6.3      2.850      8.283
  19         -6.2      2.134      6.198
  20         -6.2      2.574     10.008
Writing output ... done.
