#################################################################
# If you used AutoDock Vina in your work, please cite:          #
#                                                               #
# O. Trott, A. J. Olson,                                        #
# AutoDock Vina: improving the speed and accuracy of docking    #
# with a new scoring function, efficient optimization and       #
# multithreading, Journal of Computational Chemistry 31 (2010)  #
# 455-461                                                       #
#                                                               #
# DOI 10.1002/jcc.21334                                         #
#                                                               #
# Please see http://vina.scripps.edu for more information.      #
#################################################################

Detected 12 CPUs
WARNING: at low exhaustiveness, it may be impossible to utilize all CPUs
Reading input ... done.
Setting up the scoring function ... done.
Analyzing the binding site ... done.
Using random seed: -2042732416
Performing search ... done.
Refining results ... done.

mode |   affinity | dist from best mode
     | (kcal/mol) | rmsd l.b.| rmsd u.b.
-----+------------+----------+----------
   1         -7.3      0.000      0.000
   2         -7.1      2.005      3.470
   3         -7.1      1.741      2.757
   4         -7.1      1.375      2.045
   5         -6.8      3.629      6.335
   6         -6.8      1.816      4.865
   7         -6.7      2.921      5.063
   8         -6.6      2.527      8.094
   9         -6.6      3.467      8.487
  10         -6.6      3.849      9.946
  11         -6.6      2.212      3.938
  12         -6.6      2.918      8.103
  13         -6.6      3.786      8.876
  14         -6.5      3.158      7.772
  15         -6.5      3.811      9.806
  16         -6.5      3.141      8.882
  17         -6.5      2.776      8.908
  18         -6.4      2.784      7.621
  19         -6.4      3.144      8.455
  20         -6.4      2.476      7.424
Writing output ... done.
