#################################################################
# If you used AutoDock Vina in your work, please cite:          #
#                                                               #
# O. Trott, A. J. Olson,                                        #
# AutoDock Vina: improving the speed and accuracy of docking    #
# with a new scoring function, efficient optimization and       #
# multithreading, Journal of Computational Chemistry 31 (2010)  #
# 455-461                                                       #
#                                                               #
# DOI 10.1002/jcc.21334                                         #
#                                                               #
# Please see http://vina.scripps.edu for more information.      #
#################################################################

Detected 12 CPUs
Reading input ... done.
Setting up the scoring function ... done.
Analyzing the binding site ... done.
Using random seed: 103720000
Performing search ... done.
Refining results ... done.

mode |   affinity | dist from best mode
     | (kcal/mol) | rmsd l.b.| rmsd u.b.
-----+------------+----------+----------
   1         -7.2      0.000      0.000
   2         -7.1      1.565      2.064
   3         -7.0      3.363      7.055
   4         -6.9      2.589      5.675
   5         -6.9      2.206      5.024
   6         -6.9      2.018      8.381
   7         -6.9      3.370      7.725
   8         -6.9      1.931      5.919
   9         -6.8      2.158      4.567
  10         -6.8      1.942      8.570
  11         -6.8      2.691      6.834
  12         -6.7      1.973      4.991
  13         -6.6      3.528      9.454
  14         -6.6      3.054      8.053
  15         -6.6      3.834      8.116
  16         -6.6      3.328      7.490
  17         -6.6      3.133      8.014
  18         -6.6      3.018      8.941
  19         -6.5      2.451      7.726
  20         -6.4      2.922      7.515
Writing output ... done.
