#################################################################
# If you used AutoDock Vina in your work, please cite:          #
#                                                               #
# O. Trott, A. J. Olson,                                        #
# AutoDock Vina: improving the speed and accuracy of docking    #
# with a new scoring function, efficient optimization and       #
# multithreading, Journal of Computational Chemistry 31 (2010)  #
# 455-461                                                       #
#                                                               #
# DOI 10.1002/jcc.21334                                         #
#                                                               #
# Please see http://vina.scripps.edu for more information.      #
#################################################################

Detected 12 CPUs
Reading input ... done.
Setting up the scoring function ... done.
Analyzing the binding site ... done.
Using random seed: 1384400182
Performing search ... done.
Refining results ... done.

mode |   affinity | dist from best mode
     | (kcal/mol) | rmsd l.b.| rmsd u.b.
-----+------------+----------+----------
   1         -7.3      0.000      0.000
   2         -7.1      1.403      2.095
   3         -7.0      1.779      2.686
   4         -6.9      2.171      4.976
   5         -6.9      3.666      6.372
   6         -6.8      2.542      6.847
   7         -6.8      3.688      6.865
   8         -6.8      2.529      7.781
   9         -6.7      2.786      6.029
  10         -6.7      2.132      8.413
  11         -6.7      4.118      8.830
  12         -6.7      3.250      9.144
  13         -6.7      1.880      5.021
  14         -6.7      2.219      5.374
  15         -6.6      2.979      5.232
  16         -6.6      3.200      7.673
  17         -6.6      3.883      9.943
  18         -6.6      2.958      7.893
  19         -6.6      2.596      6.577
  20         -6.5      1.944      6.120
Writing output ... done.
