#################################################################
# If you used AutoDock Vina in your work, please cite:          #
#                                                               #
# O. Trott, A. J. Olson,                                        #
# AutoDock Vina: improving the speed and accuracy of docking    #
# with a new scoring function, efficient optimization and       #
# multithreading, Journal of Computational Chemistry 31 (2010)  #
# 455-461                                                       #
#                                                               #
# DOI 10.1002/jcc.21334                                         #
#                                                               #
# Please see http://vina.scripps.edu for more information.      #
#################################################################

Detected 12 CPUs
Reading input ... done.
Setting up the scoring function ... done.
Analyzing the binding site ... done.
Using random seed: 73410192
Performing search ... done.
Refining results ... done.

mode |   affinity | dist from best mode
     | (kcal/mol) | rmsd l.b.| rmsd u.b.
-----+------------+----------+----------
   1         -7.3      0.000      0.000
   2         -7.2      1.612      2.493
   3         -7.2      2.476      5.470
   4         -7.2      3.191      6.493
   5         -7.1      3.153      7.087
   6         -7.1      3.237      7.260
   7         -7.1      1.860      3.655
   8         -7.0      2.221      8.556
   9         -7.0      3.296      7.563
  10         -7.0      1.923      5.676
  11         -6.9      2.852      5.152
  12         -6.9      2.421      7.983
  13         -6.9      3.161      7.720
  14         -6.9      2.385      6.331
  15         -6.9      3.294      7.023
  16         -6.8      2.848      8.093
  17         -6.8      1.985      5.608
  18         -6.8      2.866      9.261
  19         -6.8      3.273      9.286
  20         -6.8      2.501      7.849
Writing output ... done.
