#################################################################
# If you used AutoDock Vina in your work, please cite:          #
#                                                               #
# O. Trott, A. J. Olson,                                        #
# AutoDock Vina: improving the speed and accuracy of docking    #
# with a new scoring function, efficient optimization and       #
# multithreading, Journal of Computational Chemistry 31 (2010)  #
# 455-461                                                       #
#                                                               #
# DOI 10.1002/jcc.21334                                         #
#                                                               #
# Please see http://vina.scripps.edu for more information.      #
#################################################################

Detected 12 CPUs
Reading input ... done.
Setting up the scoring function ... done.
Analyzing the binding site ... done.
Using random seed: -980755090
Performing search ... done.
Refining results ... done.

mode |   affinity | dist from best mode
     | (kcal/mol) | rmsd l.b.| rmsd u.b.
-----+------------+----------+----------
   1         -7.4      0.000      0.000
   2         -7.4      1.644      2.343
   3         -7.3      1.460      2.055
   4         -7.1      3.066      6.665
   5         -7.1      2.520      8.281
   6         -7.1      2.855      7.175
   7         -7.1      3.349      6.746
   8         -7.1      2.917      5.767
   9         -7.1      3.330      8.284
  10         -7.1      3.397      7.408
  11         -7.0      2.288      6.017
  12         -7.0      1.942      5.555
  13         -7.0      2.722      6.598
  14         -7.0      2.439      8.818
  15         -6.9      2.014      8.051
  16         -6.9      2.502      7.095
  17         -6.9      2.755      8.177
  18         -6.9      1.738      2.083
  19         -6.8      3.493      9.382
  20         -6.7      2.925      9.288
Writing output ... done.
