#################################################################
# If you used AutoDock Vina in your work, please cite:          #
#                                                               #
# O. Trott, A. J. Olson,                                        #
# AutoDock Vina: improving the speed and accuracy of docking    #
# with a new scoring function, efficient optimization and       #
# multithreading, Journal of Computational Chemistry 31 (2010)  #
# 455-461                                                       #
#                                                               #
# DOI 10.1002/jcc.21334                                         #
#                                                               #
# Please see http://vina.scripps.edu for more information.      #
#################################################################

Detected 12 CPUs
Reading input ... done.
Setting up the scoring function ... done.
Analyzing the binding site ... done.
Using random seed: 1017891712
Performing search ... done.
Refining results ... done.

mode |   affinity | dist from best mode
     | (kcal/mol) | rmsd l.b.| rmsd u.b.
-----+------------+----------+----------
   1         -6.9      0.000      0.000
   2         -6.9      1.706      2.742
   3         -6.9      3.582      7.457
   4         -6.7      2.554      6.727
   5         -6.7      2.056      8.330
   6         -6.7      2.639      6.991
   7         -6.7      3.138      7.989
   8         -6.7      3.105      7.588
   9         -6.6      2.001      5.905
  10         -6.6      3.074      8.768
  11         -6.6      2.046      5.841
  12         -6.5      3.627      8.012
  13         -6.5      2.541      7.626
  14         -6.5      2.535      5.466
  15         -6.5      3.044      6.209
  16         -6.5      3.073      7.872
  17         -6.4      3.652      8.115
  18         -6.4      2.656      8.147
  19         -6.4      2.214      8.028
  20         -6.4      2.029      4.939
Writing output ... done.
