#################################################################
# If you used AutoDock Vina in your work, please cite:          #
#                                                               #
# O. Trott, A. J. Olson,                                        #
# AutoDock Vina: improving the speed and accuracy of docking    #
# with a new scoring function, efficient optimization and       #
# multithreading, Journal of Computational Chemistry 31 (2010)  #
# 455-461                                                       #
#                                                               #
# DOI 10.1002/jcc.21334                                         #
#                                                               #
# Please see http://vina.scripps.edu for more information.      #
#################################################################

Detected 12 CPUs
Reading input ... done.
Setting up the scoring function ... done.
Analyzing the binding site ... done.
Using random seed: -1352833379
Performing search ... done.
Refining results ... done.

mode |   affinity | dist from best mode
     | (kcal/mol) | rmsd l.b.| rmsd u.b.
-----+------------+----------+----------
   1         -7.5      0.000      0.000
   2         -7.4      1.695      2.646
   3         -7.3      3.307      6.548
   4         -7.3      1.410      2.059
   5         -7.3      2.288      5.822
   6         -7.2      1.807      3.485
   7         -7.2      1.856      5.685
   8         -7.1      3.036      7.707
   9         -7.1      2.494      8.193
  10         -7.1      2.507      6.811
  11         -7.1      2.786      9.127
  12         -7.1      2.261      7.135
  13         -7.1      1.883      5.538
  14         -7.0      2.715      7.774
  15         -7.0      2.505      8.821
  16         -6.9      2.125      5.214
  17         -6.9      3.334      7.170
  18         -6.8      2.859      7.131
  19         -6.8      3.414      9.324
  20         -6.8      2.738      7.717
Writing output ... done.
