#################################################################
# If you used AutoDock Vina in your work, please cite:          #
#                                                               #
# O. Trott, A. J. Olson,                                        #
# AutoDock Vina: improving the speed and accuracy of docking    #
# with a new scoring function, efficient optimization and       #
# multithreading, Journal of Computational Chemistry 31 (2010)  #
# 455-461                                                       #
#                                                               #
# DOI 10.1002/jcc.21334                                         #
#                                                               #
# Please see http://vina.scripps.edu for more information.      #
#################################################################

Detected 12 CPUs
WARNING: at low exhaustiveness, it may be impossible to utilize all CPUs
Reading input ... done.
Setting up the scoring function ... done.
Analyzing the binding site ... done.
Using random seed: 1488879488
Performing search ... done.
Refining results ... done.

mode |   affinity | dist from best mode
     | (kcal/mol) | rmsd l.b.| rmsd u.b.
-----+------------+----------+----------
   1         -7.3      0.000      0.000
   2         -7.0      3.931      8.373
   3         -7.0      3.783      7.551
   4         -6.9      2.086     10.280
   5         -6.9      2.491      9.827
   6         -6.8      2.479      9.957
   7         -6.7      3.001      5.243
   8         -6.7      2.495      8.120
   9         -6.7      2.538      8.983
  10         -6.6      3.038      8.147
  11         -6.6      3.045      8.139
  12         -6.6      2.574      5.713
  13         -6.5      2.399      9.302
  14         -6.5      3.097      9.491
  15         -6.5      3.178      6.747
  16         -6.5      2.851      8.678
  17         -6.4      2.492      9.931
  18         -6.4      2.814      6.273
  19         -6.2      3.585      9.994
  20         -6.2      3.865     10.234
Writing output ... done.
