#################################################################
# If you used AutoDock Vina in your work, please cite:          #
#                                                               #
# O. Trott, A. J. Olson,                                        #
# AutoDock Vina: improving the speed and accuracy of docking    #
# with a new scoring function, efficient optimization and       #
# multithreading, Journal of Computational Chemistry 31 (2010)  #
# 455-461                                                       #
#                                                               #
# DOI 10.1002/jcc.21334                                         #
#                                                               #
# Please see http://vina.scripps.edu for more information.      #
#################################################################

Detected 12 CPUs
Reading input ... done.
Setting up the scoring function ... done.
Analyzing the binding site ... done.
Using random seed: -1116664604
Performing search ... done.
Refining results ... done.

mode |   affinity | dist from best mode
     | (kcal/mol) | rmsd l.b.| rmsd u.b.
-----+------------+----------+----------
   1         -7.1      0.000      0.000
   2         -7.0      3.307      6.603
   3         -6.9      2.314      5.239
   4         -6.9      2.450      6.263
   5         -6.9      2.386      6.240
   6         -6.8      3.417      7.325
   7         -6.8      3.333      8.419
   8         -6.8      2.107      5.551
   9         -6.8      2.095      3.649
  10         -6.8      2.409      7.937
  11         -6.6      3.098      8.154
  12         -6.6      2.173      7.630
  13         -6.6      2.925      8.974
  14         -6.6      3.090      7.668
  15         -6.6      3.283      7.350
  16         -6.5      3.553      9.231
  17         -6.5      2.411      6.472
  18         -6.5      3.431      9.269
  19         -6.5      3.128      8.001
  20         -6.5      2.982      7.588
Writing output ... done.
