#################################################################
# If you used AutoDock Vina in your work, please cite:          #
#                                                               #
# O. Trott, A. J. Olson,                                        #
# AutoDock Vina: improving the speed and accuracy of docking    #
# with a new scoring function, efficient optimization and       #
# multithreading, Journal of Computational Chemistry 31 (2010)  #
# 455-461                                                       #
#                                                               #
# DOI 10.1002/jcc.21334                                         #
#                                                               #
# Please see http://vina.scripps.edu for more information.      #
#################################################################

Detected 12 CPUs
Reading input ... done.
Setting up the scoring function ... done.
Analyzing the binding site ... done.
Using random seed: 1136571719
Performing search ... done.
Refining results ... done.

mode |   affinity | dist from best mode
     | (kcal/mol) | rmsd l.b.| rmsd u.b.
-----+------------+----------+----------
   1         -7.5      0.000      0.000
   2         -7.4      3.312      6.521
   3         -7.3      2.487      5.476
   4         -7.2      2.630      7.256
   5         -7.2      2.483      8.199
   6         -7.1      1.866      5.521
   7         -7.1      3.359      7.232
   8         -7.1      2.937      7.385
   9         -7.0      3.207      8.429
  10         -7.0      2.261      5.101
  11         -7.0      2.503      8.821
  12         -7.0      2.904      9.108
  13         -7.0      1.703      2.368
  14         -6.9      3.459      9.321
  15         -6.9      3.246      7.379
  16         -6.9      2.950      6.780
  17         -6.8      2.575      8.112
  18         -6.8      3.365      9.475
  19         -6.7      3.318      7.188
  20         -6.7      2.739      7.792
Writing output ... done.
