#################################################################
# If you used AutoDock Vina in your work, please cite:          #
#                                                               #
# O. Trott, A. J. Olson,                                        #
# AutoDock Vina: improving the speed and accuracy of docking    #
# with a new scoring function, efficient optimization and       #
# multithreading, Journal of Computational Chemistry 31 (2010)  #
# 455-461                                                       #
#                                                               #
# DOI 10.1002/jcc.21334                                         #
#                                                               #
# Please see http://vina.scripps.edu for more information.      #
#################################################################

Detected 12 CPUs
Reading input ... done.
Setting up the scoring function ... done.
Analyzing the binding site ... done.
Using random seed: 204640306
Performing search ... done.
Refining results ... done.

mode |   affinity | dist from best mode
     | (kcal/mol) | rmsd l.b.| rmsd u.b.
-----+------------+----------+----------
   1         -7.3      0.000      0.000
   2         -7.2      1.635      2.369
   3         -7.1      3.385      6.743
   4         -7.1      2.010      5.823
   5         -7.1      2.947      7.940
   6         -7.0      2.651      7.209
   7         -7.0      2.979      9.113
   8         -7.0      2.410      8.099
   9         -7.0      3.196      7.299
  10         -6.9      3.401      7.497
  11         -6.9      2.453      6.987
  12         -6.8      2.868      8.202
  13         -6.8      2.388      8.753
  14         -6.7      2.598      7.333
  15         -6.7      3.938     10.013
  16         -6.7      3.259      7.945
  17         -6.6      3.064      7.507
  18         -6.6      3.458      7.783
  19         -6.6      2.892      7.660
  20         -6.6      1.899      8.007
Writing output ... done.
