#################################################################
# If you used AutoDock Vina in your work, please cite:          #
#                                                               #
# O. Trott, A. J. Olson,                                        #
# AutoDock Vina: improving the speed and accuracy of docking    #
# with a new scoring function, efficient optimization and       #
# multithreading, Journal of Computational Chemistry 31 (2010)  #
# 455-461                                                       #
#                                                               #
# DOI 10.1002/jcc.21334                                         #
#                                                               #
# Please see http://vina.scripps.edu for more information.      #
#################################################################

Detected 12 CPUs
WARNING: at low exhaustiveness, it may be impossible to utilize all CPUs
Reading input ... done.
Setting up the scoring function ... done.
Analyzing the binding site ... done.
Using random seed: 75848168
Performing search ... done.
Refining results ... done.

mode |   affinity | dist from best mode
     | (kcal/mol) | rmsd l.b.| rmsd u.b.
-----+------------+----------+----------
   1         -7.3      0.000      0.000
   2         -7.1      2.436      5.161
   3         -7.0      2.112      4.832
   4         -6.8      3.761      8.462
   5         -6.8      2.581      7.866
   6         -6.8      2.378      9.847
   7         -6.8      3.167      8.878
   8         -6.8      1.879      4.033
   9         -6.7      2.567      9.068
  10         -6.7      2.367      9.151
  11         -6.7      3.128      6.450
  12         -6.6      2.535      9.334
  13         -6.6      1.472      2.901
  14         -6.5      1.978     10.470
  15         -6.5      2.608      6.434
  16         -6.5      2.481      6.093
  17         -6.5      2.618      8.090
  18         -6.4      2.735      8.530
  19         -6.2      3.102      9.791
  20         -6.2      2.365      8.929
Writing output ... done.
