#################################################################
# If you used AutoDock Vina in your work, please cite:          #
#                                                               #
# O. Trott, A. J. Olson,                                        #
# AutoDock Vina: improving the speed and accuracy of docking    #
# with a new scoring function, efficient optimization and       #
# multithreading, Journal of Computational Chemistry 31 (2010)  #
# 455-461                                                       #
#                                                               #
# DOI 10.1002/jcc.21334                                         #
#                                                               #
# Please see http://vina.scripps.edu for more information.      #
#################################################################

Detected 12 CPUs
WARNING: at low exhaustiveness, it may be impossible to utilize all CPUs
Reading input ... done.
Setting up the scoring function ... done.
Analyzing the binding site ... done.
Using random seed: 1905890044
Performing search ... done.
Refining results ... done.

mode |   affinity | dist from best mode
     | (kcal/mol) | rmsd l.b.| rmsd u.b.
-----+------------+----------+----------
   1         -7.1      0.000      0.000
   2         -7.1      3.378      7.183
   3         -7.0      1.677      2.152
   4         -6.9      2.287      4.876
   5         -6.8      2.592      5.753
   6         -6.7      2.119      5.902
   7         -6.7      3.296      7.856
   8         -6.6      3.597      9.335
   9         -6.6      3.497      6.564
  10         -6.6      3.307      7.662
  11         -6.5      3.072      9.056
  12         -6.5      2.657      7.101
  13         -6.4      3.643      8.585
  14         -6.4      2.722      5.087
  15         -6.4      2.993      7.099
  16         -6.3      3.493      6.934
  17         -6.3      3.291      7.057
  18         -6.3      3.682      9.522
  19         -6.3      2.503      7.789
  20         -6.3      2.515      7.691
Writing output ... done.
