#################################################################
# If you used AutoDock Vina in your work, please cite:          #
#                                                               #
# O. Trott, A. J. Olson,                                        #
# AutoDock Vina: improving the speed and accuracy of docking    #
# with a new scoring function, efficient optimization and       #
# multithreading, Journal of Computational Chemistry 31 (2010)  #
# 455-461                                                       #
#                                                               #
# DOI 10.1002/jcc.21334                                         #
#                                                               #
# Please see http://vina.scripps.edu for more information.      #
#################################################################

Detected 12 CPUs
Reading input ... done.
Setting up the scoring function ... done.
Analyzing the binding site ... done.
Using random seed: 1764802724
Performing search ... done.
Refining results ... done.

mode |   affinity | dist from best mode
     | (kcal/mol) | rmsd l.b.| rmsd u.b.
-----+------------+----------+----------
   1         -7.1      0.000      0.000
   2         -7.1      1.565      2.285
   3         -7.0      3.371      6.461
   4         -7.0      0.903      1.384
   5         -6.9      1.979      3.676
   6         -6.9      1.910      5.573
   7         -6.9      3.107      7.153
   8         -6.9      2.471      8.049
   9         -6.9      2.593      5.856
  10         -6.9      3.427      7.205
  11         -6.9      3.003      6.991
  12         -6.9      2.999      8.192
  13         -6.8      2.963      5.719
  14         -6.8      1.866      5.531
  15         -6.8      2.970      9.016
  16         -6.7      2.486      6.838
  17         -6.7      3.197      7.811
  18         -6.6      2.302      6.355
  19         -6.5      3.501      9.373
  20         -6.4      2.783      7.957
Writing output ... done.
