#################################################################
# If you used AutoDock Vina in your work, please cite:          #
#                                                               #
# O. Trott, A. J. Olson,                                        #
# AutoDock Vina: improving the speed and accuracy of docking    #
# with a new scoring function, efficient optimization and       #
# multithreading, Journal of Computational Chemistry 31 (2010)  #
# 455-461                                                       #
#                                                               #
# DOI 10.1002/jcc.21334                                         #
#                                                               #
# Please see http://vina.scripps.edu for more information.      #
#################################################################

Detected 12 CPUs
Reading input ... done.
Setting up the scoring function ... done.
Analyzing the binding site ... done.
Using random seed: -558248984
Performing search ... done.
Refining results ... done.

mode |   affinity | dist from best mode
     | (kcal/mol) | rmsd l.b.| rmsd u.b.
-----+------------+----------+----------
   1         -7.3      0.000      0.000
   2         -7.3      3.137      7.425
   3         -7.2      1.538      2.209
   4         -7.1      3.361      6.620
   5         -7.0      2.030      5.834
   6         -7.0      2.876      7.767
   7         -6.9      2.384      8.116
   8         -6.9      2.920      9.081
   9         -6.8      2.482      7.012
  10         -6.8      2.558      7.574
  11         -6.8      2.849      6.759
  12         -6.8      2.514      7.853
  13         -6.8      2.298      7.242
  14         -6.7      2.024      5.675
  15         -6.7      2.420      7.802
  16         -6.7      2.376      8.763
  17         -6.7      3.629      9.416
  18         -6.6      3.271      7.319
  19         -6.6      2.888      7.694
  20         -6.6      2.481      8.112
Writing output ... done.
