#################################################################
# If you used AutoDock Vina in your work, please cite:          #
#                                                               #
# O. Trott, A. J. Olson,                                        #
# AutoDock Vina: improving the speed and accuracy of docking    #
# with a new scoring function, efficient optimization and       #
# multithreading, Journal of Computational Chemistry 31 (2010)  #
# 455-461                                                       #
#                                                               #
# DOI 10.1002/jcc.21334                                         #
#                                                               #
# Please see http://vina.scripps.edu for more information.      #
#################################################################

Detected 12 CPUs
WARNING: at low exhaustiveness, it may be impossible to utilize all CPUs
Reading input ... done.
Setting up the scoring function ... done.
Analyzing the binding site ... done.
Using random seed: 486270846
Performing search ... done.
Refining results ... done.

mode |   affinity | dist from best mode
     | (kcal/mol) | rmsd l.b.| rmsd u.b.
-----+------------+----------+----------
   1         -8.0      0.000      0.000
   2         -7.9      3.397      8.146
   3         -7.9      3.187      7.590
   4         -7.8      2.858      6.250
   5         -7.7      3.262     11.600
   6         -7.7      2.934      4.711
   7         -7.6      3.053      6.261
   8         -7.6      3.377      8.647
   9         -7.6      2.581      5.471
  10         -7.3      3.374      9.736
  11         -7.3      3.384     10.559
  12         -7.3      2.971     10.572
  13         -7.2      3.149      9.808
  14         -7.2      2.899      9.779
  15         -7.2      2.677     11.265
  16         -7.1      3.456      5.820
  17         -7.0      2.858      9.975
  18         -7.0      3.475      7.323
Writing output ... done.
