#################################################################
# If you used AutoDock Vina in your work, please cite:          #
#                                                               #
# O. Trott, A. J. Olson,                                        #
# AutoDock Vina: improving the speed and accuracy of docking    #
# with a new scoring function, efficient optimization and       #
# multithreading, Journal of Computational Chemistry 31 (2010)  #
# 455-461                                                       #
#                                                               #
# DOI 10.1002/jcc.21334                                         #
#                                                               #
# Please see http://vina.scripps.edu for more information.      #
#################################################################

Detected 12 CPUs
Reading input ... done.
Setting up the scoring function ... done.
Analyzing the binding site ... done.
Using random seed: 88754396
Performing search ... done.
Refining results ... done.

mode |   affinity | dist from best mode
     | (kcal/mol) | rmsd l.b.| rmsd u.b.
-----+------------+----------+----------
   1         -7.2      0.000      0.000
   2         -7.1      1.806      2.703
   3         -7.0      3.661      6.374
   4         -6.9      2.651      5.890
   5         -6.9      2.420      3.866
   6         -6.9      3.348      6.797
   7         -6.8      3.193      9.120
   8         -6.8      2.560      7.902
   9         -6.8      1.871      5.251
  10         -6.8      2.947      6.529
  11         -6.7      3.665      6.862
  12         -6.7      2.590      6.561
  13         -6.7      2.241      8.469
  14         -6.6      4.041      8.785
  15         -6.6      3.725      7.685
  16         -6.6      3.458      9.008
  17         -6.6      3.402      6.931
  18         -6.5      3.905      9.818
  19         -6.5      2.143      8.080
  20         -6.4      3.389      8.958
Writing output ... done.
