#################################################################
# If you used AutoDock Vina in your work, please cite:          #
#                                                               #
# O. Trott, A. J. Olson,                                        #
# AutoDock Vina: improving the speed and accuracy of docking    #
# with a new scoring function, efficient optimization and       #
# multithreading, Journal of Computational Chemistry 31 (2010)  #
# 455-461                                                       #
#                                                               #
# DOI 10.1002/jcc.21334                                         #
#                                                               #
# Please see http://vina.scripps.edu for more information.      #
#################################################################

Detected 12 CPUs
WARNING: at low exhaustiveness, it may be impossible to utilize all CPUs
Reading input ... done.
Setting up the scoring function ... done.
Analyzing the binding site ... done.
Using random seed: 252077848
Performing search ... done.
Refining results ... done.

mode |   affinity | dist from best mode
     | (kcal/mol) | rmsd l.b.| rmsd u.b.
-----+------------+----------+----------
   1         -7.2      0.000      0.000
   2         -7.1      1.732      2.824
   3         -7.0      1.586      2.358
   4         -7.0      2.836      6.052
   5         -6.9      3.596      6.129
   6         -6.8      2.074      5.223
   7         -6.8      3.625      6.865
   8         -6.8      1.864      4.180
   9         -6.8      2.476      7.812
  10         -6.7      2.891      4.996
  11         -6.7      2.413      6.558
  12         -6.5      1.993      8.384
  13         -6.5      3.561      7.124
  14         -6.5      2.298      5.312
  15         -6.5      3.845      9.572
  16         -6.5      3.248      9.228
  17         -6.4      2.089      8.148
  18         -6.4      4.014      9.783
  19         -6.3      2.290      6.792
  20         -6.2      3.570      8.853
Writing output ... done.
