############################################################################
# If you used Quick Vina 2 in your work, please cite:                      #
#                                                                          #
# Amr Alhossary, Stephanus Daniel Handoko, Yuguang Mu, and Chee-Keong Kwoh,#
# Fast, Accurate, and Reliable Molecular Docking with QuickVina 2,         #
# Bioinformatics (2015), doi: 10.1093/bioinformatics/btv082                #
#                                                                          #
# You are also encouraged to cite Quick Vina 1:                            #
# Stephanus Daniel Handoko, Xuchang Ouyang, Chinh Tran To Su, Chee Keong   #
# Kwoh, Yew Soon Ong,                                                      #
# QuickVina: Accelerating AutoDock Vina Using Gradient-Based Heuristics for#
# Global Optimization,                                                     #
# IEEE/ACM Transactions on Computational Biology and Bioinformatics,vol.9, #
# no. 5, pp. 1266-1272, Sept.-Oct. 2012, doi: 10.1109/TCBB.2012.82         #
#                                                                          #
# and original AutoDock Vina paper:                                        #
# O. Trott, A. J. Olson,                                                   #
# AutoDock Vina: improving the speed and accuracy of docking with a        #
# new scoring function, efficient optimization and multithreading,         #
# Journal of Computational Chemistry 31 (2010) 455-461                     #
# doi: 10.1002/jcc.21334                                                   #
############################################################################

Reading input ... done.
Setting up the scoring function ... done.
Analyzing the binding site ... done.
Using random seed: 1306689394
Performing search ... done.
Refining results ... done.

mode |   affinity | dist from best mode
     | (kcal/mol) | rmsd l.b.| rmsd u.b.
-----+------------+----------+----------
   1         -7.4      0.000      0.000
   2         -7.0      3.095      9.326
   3         -7.0      2.479      4.623
   4         -6.9      2.681      9.696
   5         -6.8      3.663      7.534
   6         -6.8      2.613      7.958
   7         -6.8      3.441     10.341
   8         -6.7      3.359      9.154
   9         -6.6      3.886      7.813
  10         -6.6      2.959     10.237
  11         -6.6      2.766      7.384
  12         -6.6      2.533      5.310
  13         -6.6      2.430      4.324
  14         -6.6      2.739      7.181
  15         -6.6      2.810      6.628
  16         -6.5      2.869      4.345
  17         -6.5      3.544      7.867
  18         -6.5      2.493      5.856
  19         -6.5      2.799      5.470
  20         -6.5      2.704      6.600
Writing output ... done.
