############################################################################
# If you used Quick Vina 2 in your work, please cite:                      #
#                                                                          #
# Amr Alhossary, Stephanus Daniel Handoko, Yuguang Mu, and Chee-Keong Kwoh,#
# Fast, Accurate, and Reliable Molecular Docking with QuickVina 2,         #
# Bioinformatics (2015), doi: 10.1093/bioinformatics/btv082                #
#                                                                          #
# You are also encouraged to cite Quick Vina 1:                            #
# Stephanus Daniel Handoko, Xuchang Ouyang, Chinh Tran To Su, Chee Keong   #
# Kwoh, Yew Soon Ong,                                                      #
# QuickVina: Accelerating AutoDock Vina Using Gradient-Based Heuristics for#
# Global Optimization,                                                     #
# IEEE/ACM Transactions on Computational Biology and Bioinformatics,vol.9, #
# no. 5, pp. 1266-1272, Sept.-Oct. 2012, doi: 10.1109/TCBB.2012.82         #
#                                                                          #
# and original AutoDock Vina paper:                                        #
# O. Trott, A. J. Olson,                                                   #
# AutoDock Vina: improving the speed and accuracy of docking with a        #
# new scoring function, efficient optimization and multithreading,         #
# Journal of Computational Chemistry 31 (2010) 455-461                     #
# doi: 10.1002/jcc.21334                                                   #
############################################################################

Reading input ... done.
Setting up the scoring function ... done.
Analyzing the binding site ... done.
Using random seed: -185926570
Performing search ... done.
Refining results ... done.

mode |   affinity | dist from best mode
     | (kcal/mol) | rmsd l.b.| rmsd u.b.
-----+------------+----------+----------
   1         -7.3      0.000      0.000
   2         -7.0      2.085      5.885
   3         -6.8      2.977      7.922
   4         -6.8      3.366      6.638
   5         -6.7      2.733      7.395
   6         -6.5      2.146      8.093
   7         -6.5      2.783      7.636
   8         -6.4      3.384      7.472
   9         -6.4      1.832      5.496
  10         -6.4      3.335      7.417
  11         -6.4      2.764      6.405
  12         -6.3      2.322      6.745
  13         -6.3      2.751      9.109
  14         -6.2      2.499      5.720
  15         -6.2      3.887      8.784
  16         -6.1      2.248      7.986
  17         -6.1      2.627      7.417
  18         -6.0      2.406      6.265
  19         -6.0      2.588      6.223
  20         -6.0      2.240      7.545
Writing output ... done.
