############################################################################
# If you used Quick Vina 2 in your work, please cite:                      #
#                                                                          #
# Amr Alhossary, Stephanus Daniel Handoko, Yuguang Mu, and Chee-Keong Kwoh,#
# Fast, Accurate, and Reliable Molecular Docking with QuickVina 2,         #
# Bioinformatics (2015), doi: 10.1093/bioinformatics/btv082                #
#                                                                          #
# You are also encouraged to cite Quick Vina 1:                            #
# Stephanus Daniel Handoko, Xuchang Ouyang, Chinh Tran To Su, Chee Keong   #
# Kwoh, Yew Soon Ong,                                                      #
# QuickVina: Accelerating AutoDock Vina Using Gradient-Based Heuristics for#
# Global Optimization,                                                     #
# IEEE/ACM Transactions on Computational Biology and Bioinformatics,vol.9, #
# no. 5, pp. 1266-1272, Sept.-Oct. 2012, doi: 10.1109/TCBB.2012.82         #
#                                                                          #
# and original AutoDock Vina paper:                                        #
# O. Trott, A. J. Olson,                                                   #
# AutoDock Vina: improving the speed and accuracy of docking with a        #
# new scoring function, efficient optimization and multithreading,         #
# Journal of Computational Chemistry 31 (2010) 455-461                     #
# doi: 10.1002/jcc.21334                                                   #
############################################################################

Reading input ... done.
Setting up the scoring function ... done.
Analyzing the binding site ... done.
Using random seed: -272869186
Performing search ... done.
Refining results ... done.

mode |   affinity | dist from best mode
     | (kcal/mol) | rmsd l.b.| rmsd u.b.
-----+------------+----------+----------
   1         -7.2      0.000      0.000
   2         -7.0      3.613      9.041
   3         -7.0      3.909      8.426
   4         -6.9      2.712      8.141
   5         -6.9      3.047     10.314
   6         -6.9      2.775     10.179
   7         -6.9      3.311      9.997
   8         -6.9      2.976      6.157
   9         -6.8      1.633      2.075
  10         -6.7      2.575      4.330
  11         -6.6      3.053      9.487
  12         -6.6      2.889      9.998
  13         -6.6      3.003      7.048
  14         -6.6      3.800      6.490
  15         -6.6      2.761      9.828
  16         -6.5      3.215      7.180
  17         -6.5      2.939      7.837
  18         -6.5      2.634      8.538
  19         -6.4      2.661      9.769
  20         -6.4      3.524      9.748
Writing output ... done.
