############################################################################
# If you used Quick Vina 2 in your work, please cite:                      #
#                                                                          #
# Amr Alhossary, Stephanus Daniel Handoko, Yuguang Mu, and Chee-Keong Kwoh,#
# Fast, Accurate, and Reliable Molecular Docking with QuickVina 2,         #
# Bioinformatics (2015), doi: 10.1093/bioinformatics/btv082                #
#                                                                          #
# You are also encouraged to cite Quick Vina 1:                            #
# Stephanus Daniel Handoko, Xuchang Ouyang, Chinh Tran To Su, Chee Keong   #
# Kwoh, Yew Soon Ong,                                                      #
# QuickVina: Accelerating AutoDock Vina Using Gradient-Based Heuristics for#
# Global Optimization,                                                     #
# IEEE/ACM Transactions on Computational Biology and Bioinformatics,vol.9, #
# no. 5, pp. 1266-1272, Sept.-Oct. 2012, doi: 10.1109/TCBB.2012.82         #
#                                                                          #
# and original AutoDock Vina paper:                                        #
# O. Trott, A. J. Olson,                                                   #
# AutoDock Vina: improving the speed and accuracy of docking with a        #
# new scoring function, efficient optimization and multithreading,         #
# Journal of Computational Chemistry 31 (2010) 455-461                     #
# doi: 10.1002/jcc.21334                                                   #
############################################################################

Reading input ... done.
Setting up the scoring function ... done.
Analyzing the binding site ... done.
Using random seed: -486285704
Performing search ... done.
Refining results ... done.

mode |   affinity | dist from best mode
     | (kcal/mol) | rmsd l.b.| rmsd u.b.
-----+------------+----------+----------
   1         -7.2      0.000      0.000
   2         -7.0      1.981      4.377
   3         -6.8      3.713      8.358
   4         -6.7      3.652      7.669
   5         -6.7      3.799      7.766
   6         -6.7      3.271      8.119
   7         -6.6      4.300      8.338
   8         -6.6      3.425      8.333
   9         -6.5      2.911      7.374
  10         -6.5      2.775      6.449
  11         -6.5      1.910      2.372
  12         -6.4      2.755      8.074
  13         -6.4      2.432      7.853
  14         -6.4      4.012      7.488
  15         -6.4      3.660      8.543
  16         -6.4      2.933      7.986
  17         -6.4      3.669      8.290
  18         -6.4      4.119      8.316
  19         -6.4      3.066      7.124
  20         -6.3      1.891      3.613
Writing output ... done.
