############################################################################
# If you used Quick Vina 2 in your work, please cite:                      #
#                                                                          #
# Amr Alhossary, Stephanus Daniel Handoko, Yuguang Mu, and Chee-Keong Kwoh,#
# Fast, Accurate, and Reliable Molecular Docking with QuickVina 2,         #
# Bioinformatics (2015), doi: 10.1093/bioinformatics/btv082                #
#                                                                          #
# You are also encouraged to cite Quick Vina 1:                            #
# Stephanus Daniel Handoko, Xuchang Ouyang, Chinh Tran To Su, Chee Keong   #
# Kwoh, Yew Soon Ong,                                                      #
# QuickVina: Accelerating AutoDock Vina Using Gradient-Based Heuristics for#
# Global Optimization,                                                     #
# IEEE/ACM Transactions on Computational Biology and Bioinformatics,vol.9, #
# no. 5, pp. 1266-1272, Sept.-Oct. 2012, doi: 10.1109/TCBB.2012.82         #
#                                                                          #
# and original AutoDock Vina paper:                                        #
# O. Trott, A. J. Olson,                                                   #
# AutoDock Vina: improving the speed and accuracy of docking with a        #
# new scoring function, efficient optimization and multithreading,         #
# Journal of Computational Chemistry 31 (2010) 455-461                     #
# doi: 10.1002/jcc.21334                                                   #
############################################################################

Reading input ... done.
Setting up the scoring function ... done.
Analyzing the binding site ... done.
Using random seed: 1098275266
Performing search ... done.
Refining results ... done.

mode |   affinity | dist from best mode
     | (kcal/mol) | rmsd l.b.| rmsd u.b.
-----+------------+----------+----------
   1         -7.0      0.000      0.000
   2         -6.8      2.333      5.265
   3         -6.8      2.287      5.712
   4         -6.7      2.459      4.403
   5         -6.6      2.221      3.836
   6         -6.6      3.041      8.227
   7         -6.6      2.723      9.245
   8         -6.5      2.729      7.764
   9         -6.5      2.777      7.550
  10         -6.4      2.943      5.624
  11         -6.4      1.843      2.897
  12         -6.4      2.009      8.174
  13         -6.3      2.743      7.177
  14         -6.3      2.846      8.175
  15         -6.3      2.812      4.861
  16         -6.3      2.156      7.214
  17         -6.2      3.318      9.271
  18         -6.2      2.798      6.137
  19         -6.2      3.321      9.259
  20         -6.2      2.739      8.122
Writing output ... done.
