############################################################################
# If you used Quick Vina 2 in your work, please cite:                      #
#                                                                          #
# Amr Alhossary, Stephanus Daniel Handoko, Yuguang Mu, and Chee-Keong Kwoh,#
# Fast, Accurate, and Reliable Molecular Docking with QuickVina 2,         #
# Bioinformatics (2015), doi: 10.1093/bioinformatics/btv082                #
#                                                                          #
# You are also encouraged to cite Quick Vina 1:                            #
# Stephanus Daniel Handoko, Xuchang Ouyang, Chinh Tran To Su, Chee Keong   #
# Kwoh, Yew Soon Ong,                                                      #
# QuickVina: Accelerating AutoDock Vina Using Gradient-Based Heuristics for#
# Global Optimization,                                                     #
# IEEE/ACM Transactions on Computational Biology and Bioinformatics,vol.9, #
# no. 5, pp. 1266-1272, Sept.-Oct. 2012, doi: 10.1109/TCBB.2012.82         #
#                                                                          #
# and original AutoDock Vina paper:                                        #
# O. Trott, A. J. Olson,                                                   #
# AutoDock Vina: improving the speed and accuracy of docking with a        #
# new scoring function, efficient optimization and multithreading,         #
# Journal of Computational Chemistry 31 (2010) 455-461                     #
# doi: 10.1002/jcc.21334                                                   #
############################################################################

Reading input ... done.
Setting up the scoring function ... done.
Analyzing the binding site ... done.
Using random seed: 847973780
Performing search ... done.
Refining results ... done.

mode |   affinity | dist from best mode
     | (kcal/mol) | rmsd l.b.| rmsd u.b.
-----+------------+----------+----------
   1         -6.8      0.000      0.000
   2         -6.5      2.817      4.565
   3         -6.5      2.824      9.214
   4         -6.4      2.849      6.551
   5         -6.3      2.732     10.047
   6         -6.2      2.676      5.324
   7         -6.2      2.793      7.643
   8         -6.2      2.980      7.646
   9         -6.1      2.306      8.085
  10         -6.1      2.797      6.791
  11         -6.1      2.276      3.869
  12         -6.0      3.948      8.174
  13         -6.0      2.284      6.997
  14         -6.0      2.560      8.389
  15         -6.0      2.402      4.722
  16         -5.9      1.836      2.749
  17         -5.9      2.051      5.916
  18         -5.8      2.838      6.690
  19         -5.8      2.577      9.848
  20         -5.8      2.262      6.237
Writing output ... done.
