############################################################################
# If you used Quick Vina 2 in your work, please cite:                      #
#                                                                          #
# Amr Alhossary, Stephanus Daniel Handoko, Yuguang Mu, and Chee-Keong Kwoh,#
# Fast, Accurate, and Reliable Molecular Docking with QuickVina 2,         #
# Bioinformatics (2015), doi: 10.1093/bioinformatics/btv082                #
#                                                                          #
# You are also encouraged to cite Quick Vina 1:                            #
# Stephanus Daniel Handoko, Xuchang Ouyang, Chinh Tran To Su, Chee Keong   #
# Kwoh, Yew Soon Ong,                                                      #
# QuickVina: Accelerating AutoDock Vina Using Gradient-Based Heuristics for#
# Global Optimization,                                                     #
# IEEE/ACM Transactions on Computational Biology and Bioinformatics,vol.9, #
# no. 5, pp. 1266-1272, Sept.-Oct. 2012, doi: 10.1109/TCBB.2012.82         #
#                                                                          #
# and original AutoDock Vina paper:                                        #
# O. Trott, A. J. Olson,                                                   #
# AutoDock Vina: improving the speed and accuracy of docking with a        #
# new scoring function, efficient optimization and multithreading,         #
# Journal of Computational Chemistry 31 (2010) 455-461                     #
# doi: 10.1002/jcc.21334                                                   #
############################################################################

Reading input ... done.
Setting up the scoring function ... done.
Analyzing the binding site ... done.
Using random seed: -945001318
Performing search ... done.
Refining results ... done.

mode |   affinity | dist from best mode
     | (kcal/mol) | rmsd l.b.| rmsd u.b.
-----+------------+----------+----------
   1         -6.9      0.000      0.000
   2         -6.8      3.445      8.914
   3         -6.8      3.477      8.283
   4         -6.7      3.369      8.463
   5         -6.6      3.622      8.881
   6         -6.4      2.916      6.744
   7         -6.3      3.525      9.160
   8         -6.2      3.373      8.270
   9         -6.2      3.628      8.687
  10         -6.2      2.062      2.868
  11         -6.2      3.611      8.756
  12         -6.1      3.392      8.372
  13         -6.1      3.298      7.446
  14         -6.1      4.001      8.204
  15         -6.1      2.528      7.483
  16         -6.1      4.256      9.506
  17         -6.0      2.993      7.235
  18         -6.0      3.748      9.145
  19         -5.9      3.750      8.360
  20         -5.9      3.823      9.214
Writing output ... done.
