############################################################################
# If you used Quick Vina 2 in your work, please cite:                      #
#                                                                          #
# Amr Alhossary, Stephanus Daniel Handoko, Yuguang Mu, and Chee-Keong Kwoh,#
# Fast, Accurate, and Reliable Molecular Docking with QuickVina 2,         #
# Bioinformatics (2015), doi: 10.1093/bioinformatics/btv082                #
#                                                                          #
# You are also encouraged to cite Quick Vina 1:                            #
# Stephanus Daniel Handoko, Xuchang Ouyang, Chinh Tran To Su, Chee Keong   #
# Kwoh, Yew Soon Ong,                                                      #
# QuickVina: Accelerating AutoDock Vina Using Gradient-Based Heuristics for#
# Global Optimization,                                                     #
# IEEE/ACM Transactions on Computational Biology and Bioinformatics,vol.9, #
# no. 5, pp. 1266-1272, Sept.-Oct. 2012, doi: 10.1109/TCBB.2012.82         #
#                                                                          #
# and original AutoDock Vina paper:                                        #
# O. Trott, A. J. Olson,                                                   #
# AutoDock Vina: improving the speed and accuracy of docking with a        #
# new scoring function, efficient optimization and multithreading,         #
# Journal of Computational Chemistry 31 (2010) 455-461                     #
# doi: 10.1002/jcc.21334                                                   #
############################################################################

Reading input ... done.
Setting up the scoring function ... done.
Analyzing the binding site ... done.
Using random seed: -523234336
Performing search ... done.
Refining results ... done.

mode |   affinity | dist from best mode
     | (kcal/mol) | rmsd l.b.| rmsd u.b.
-----+------------+----------+----------
   1         -7.0      0.000      0.000
   2         -6.9      2.987      9.431
   3         -6.9      2.106      9.435
   4         -6.8      2.951      8.883
   5         -6.8      3.166      6.904
   6         -6.8      2.852      5.588
   7         -6.7      3.209      9.438
   8         -6.6      1.413      2.035
   9         -6.6      2.464      4.328
  10         -6.6      2.665      5.622
  11         -6.5      3.383      5.342
  12         -6.5      3.394      5.699
  13         -6.5      2.611      6.048
  14         -6.4      2.801      4.803
  15         -6.4      2.851      7.416
  16         -6.3      2.775      6.474
  17         -6.3      2.390      5.175
  18         -6.3      2.377      3.753
  19         -6.3      3.055      9.246
  20         -6.2      2.905      6.836
Writing output ... done.
