############################################################################
# If you used Quick Vina 2 in your work, please cite:                      #
#                                                                          #
# Amr Alhossary, Stephanus Daniel Handoko, Yuguang Mu, and Chee-Keong Kwoh,#
# Fast, Accurate, and Reliable Molecular Docking with QuickVina 2,         #
# Bioinformatics (2015), doi: 10.1093/bioinformatics/btv082                #
#                                                                          #
# You are also encouraged to cite Quick Vina 1:                            #
# Stephanus Daniel Handoko, Xuchang Ouyang, Chinh Tran To Su, Chee Keong   #
# Kwoh, Yew Soon Ong,                                                      #
# QuickVina: Accelerating AutoDock Vina Using Gradient-Based Heuristics for#
# Global Optimization,                                                     #
# IEEE/ACM Transactions on Computational Biology and Bioinformatics,vol.9, #
# no. 5, pp. 1266-1272, Sept.-Oct. 2012, doi: 10.1109/TCBB.2012.82         #
#                                                                          #
# and original AutoDock Vina paper:                                        #
# O. Trott, A. J. Olson,                                                   #
# AutoDock Vina: improving the speed and accuracy of docking with a        #
# new scoring function, efficient optimization and multithreading,         #
# Journal of Computational Chemistry 31 (2010) 455-461                     #
# doi: 10.1002/jcc.21334                                                   #
############################################################################

Reading input ... done.
Setting up the scoring function ... done.
Analyzing the binding site ... done.
Using random seed: -1862432546
Performing search ... done.
Refining results ... done.

mode |   affinity | dist from best mode
     | (kcal/mol) | rmsd l.b.| rmsd u.b.
-----+------------+----------+----------
   1         -6.7      0.000      0.000
   2         -6.3      3.075      8.801
   3         -6.3      3.278      6.080
   4         -6.3      3.039      5.350
   5         -6.3      2.581      8.732
   6         -6.2      2.086      3.548
   7         -6.2      2.184      5.664
   8         -6.2      2.733      4.360
   9         -6.0      2.561      7.728
  10         -6.0      2.352      7.830
  11         -6.0      2.192      4.710
  12         -6.0      2.624      8.074
  13         -5.9      3.684      8.409
  14         -5.8      3.206      8.440
  15         -5.8      2.818      8.062
  16         -5.8      2.538      8.577
  17         -5.7      2.702      5.898
  18         -5.7      2.946      4.602
  19         -5.6      2.972      9.526
  20         -5.5      2.568      5.543
Writing output ... done.
