############################################################################
# If you used Quick Vina 2 in your work, please cite:                      #
#                                                                          #
# Amr Alhossary, Stephanus Daniel Handoko, Yuguang Mu, and Chee-Keong Kwoh,#
# Fast, Accurate, and Reliable Molecular Docking with QuickVina 2,         #
# Bioinformatics (2015), doi: 10.1093/bioinformatics/btv082                #
#                                                                          #
# You are also encouraged to cite Quick Vina 1:                            #
# Stephanus Daniel Handoko, Xuchang Ouyang, Chinh Tran To Su, Chee Keong   #
# Kwoh, Yew Soon Ong,                                                      #
# QuickVina: Accelerating AutoDock Vina Using Gradient-Based Heuristics for#
# Global Optimization,                                                     #
# IEEE/ACM Transactions on Computational Biology and Bioinformatics,vol.9, #
# no. 5, pp. 1266-1272, Sept.-Oct. 2012, doi: 10.1109/TCBB.2012.82         #
#                                                                          #
# and original AutoDock Vina paper:                                        #
# O. Trott, A. J. Olson,                                                   #
# AutoDock Vina: improving the speed and accuracy of docking with a        #
# new scoring function, efficient optimization and multithreading,         #
# Journal of Computational Chemistry 31 (2010) 455-461                     #
# doi: 10.1002/jcc.21334                                                   #
############################################################################

Reading input ... done.
Setting up the scoring function ... done.
Analyzing the binding site ... done.
Using random seed: -1812429770
Performing search ... done.
Refining results ... done.

mode |   affinity | dist from best mode
     | (kcal/mol) | rmsd l.b.| rmsd u.b.
-----+------------+----------+----------
   1         -7.1      0.000      0.000
   2         -6.9      2.114      5.664
   3         -6.8      3.438      8.062
   4         -6.8      3.393      5.949
   5         -6.8      2.508      9.927
   6         -6.8      3.857      9.930
   7         -6.7      1.485      2.086
   8         -6.6      2.433      8.637
   9         -6.6      2.385      9.887
  10         -6.5      2.381      4.528
  11         -6.5      2.604      3.855
  12         -6.5      3.725      6.682
  13         -6.5      2.361      6.896
  14         -6.5      3.005      6.405
  15         -6.5      2.600      6.288
  16         -6.4      2.802      5.034
  17         -6.4      2.802      6.505
  18         -6.4      2.494      6.614
  19         -6.4      2.559      6.630
  20         -6.2      2.285      3.613
Writing output ... done.
