############################################################################
# If you used Quick Vina 2 in your work, please cite:                      #
#                                                                          #
# Amr Alhossary, Stephanus Daniel Handoko, Yuguang Mu, and Chee-Keong Kwoh,#
# Fast, Accurate, and Reliable Molecular Docking with QuickVina 2,         #
# Bioinformatics (2015), doi: 10.1093/bioinformatics/btv082                #
#                                                                          #
# You are also encouraged to cite Quick Vina 1:                            #
# Stephanus Daniel Handoko, Xuchang Ouyang, Chinh Tran To Su, Chee Keong   #
# Kwoh, Yew Soon Ong,                                                      #
# QuickVina: Accelerating AutoDock Vina Using Gradient-Based Heuristics for#
# Global Optimization,                                                     #
# IEEE/ACM Transactions on Computational Biology and Bioinformatics,vol.9, #
# no. 5, pp. 1266-1272, Sept.-Oct. 2012, doi: 10.1109/TCBB.2012.82         #
#                                                                          #
# and original AutoDock Vina paper:                                        #
# O. Trott, A. J. Olson,                                                   #
# AutoDock Vina: improving the speed and accuracy of docking with a        #
# new scoring function, efficient optimization and multithreading,         #
# Journal of Computational Chemistry 31 (2010) 455-461                     #
# doi: 10.1002/jcc.21334                                                   #
############################################################################

Reading input ... done.
Setting up the scoring function ... done.
Analyzing the binding site ... done.
Using random seed: 602596876
Performing search ... done.
Refining results ... done.

mode |   affinity | dist from best mode
     | (kcal/mol) | rmsd l.b.| rmsd u.b.
-----+------------+----------+----------
   1         -6.8      0.000      0.000
   2         -6.8      3.054      5.511
   3         -6.7      2.763      6.974
   4         -6.6      2.821      5.664
   5         -6.6      2.616      6.008
   6         -6.5      3.084      9.078
   7         -6.5      2.685      8.808
   8         -6.5      2.450      7.450
   9         -6.4      2.514      6.705
  10         -6.3      2.975      8.975
  11         -6.3      2.425      4.993
  12         -6.2      2.415      7.122
  13         -6.2      2.742      7.458
  14         -6.1      2.822      6.315
  15         -6.0      2.103      5.536
  16         -5.9      2.963      8.923
  17         -5.9      2.924      5.687
  18         -5.8      3.155      8.617
Writing output ... done.
