############################################################################
# If you used Quick Vina 2 in your work, please cite:                      #
#                                                                          #
# Amr Alhossary, Stephanus Daniel Handoko, Yuguang Mu, and Chee-Keong Kwoh,#
# Fast, Accurate, and Reliable Molecular Docking with QuickVina 2,         #
# Bioinformatics (2015), doi: 10.1093/bioinformatics/btv082                #
#                                                                          #
# You are also encouraged to cite Quick Vina 1:                            #
# Stephanus Daniel Handoko, Xuchang Ouyang, Chinh Tran To Su, Chee Keong   #
# Kwoh, Yew Soon Ong,                                                      #
# QuickVina: Accelerating AutoDock Vina Using Gradient-Based Heuristics for#
# Global Optimization,                                                     #
# IEEE/ACM Transactions on Computational Biology and Bioinformatics,vol.9, #
# no. 5, pp. 1266-1272, Sept.-Oct. 2012, doi: 10.1109/TCBB.2012.82         #
#                                                                          #
# and original AutoDock Vina paper:                                        #
# O. Trott, A. J. Olson,                                                   #
# AutoDock Vina: improving the speed and accuracy of docking with a        #
# new scoring function, efficient optimization and multithreading,         #
# Journal of Computational Chemistry 31 (2010) 455-461                     #
# doi: 10.1002/jcc.21334                                                   #
############################################################################

Reading input ... done.
Setting up the scoring function ... done.
Analyzing the binding site ... done.
Using random seed: -1649048400
Performing search ... done.
Refining results ... done.

mode |   affinity | dist from best mode
     | (kcal/mol) | rmsd l.b.| rmsd u.b.
-----+------------+----------+----------
   1         -7.1      0.000      0.000
   2         -7.0      3.416      7.311
   3         -6.9      3.465      8.043
   4         -6.6      2.875      7.131
   5         -6.5      3.000      8.924
   6         -6.5      2.216      7.687
   7         -6.5      2.956      7.496
   8         -6.4      3.982      8.620
   9         -6.4      2.038      8.911
  10         -6.4      2.395      6.808
  11         -6.3      3.533      8.360
  12         -6.3      3.601      7.499
  13         -6.3      3.076      7.339
  14         -6.2      3.431      9.177
  15         -6.2      3.447      7.751
  16         -6.2      3.378      7.096
  17         -6.2      4.316      8.210
  18         -6.2      2.858      7.304
  19         -6.2      2.665      7.536
  20         -6.2      1.761      7.080
Writing output ... done.
