############################################################################
# If you used Quick Vina 2 in your work, please cite:                      #
#                                                                          #
# Amr Alhossary, Stephanus Daniel Handoko, Yuguang Mu, and Chee-Keong Kwoh,#
# Fast, Accurate, and Reliable Molecular Docking with QuickVina 2,         #
# Bioinformatics (2015), doi: 10.1093/bioinformatics/btv082                #
#                                                                          #
# You are also encouraged to cite Quick Vina 1:                            #
# Stephanus Daniel Handoko, Xuchang Ouyang, Chinh Tran To Su, Chee Keong   #
# Kwoh, Yew Soon Ong,                                                      #
# QuickVina: Accelerating AutoDock Vina Using Gradient-Based Heuristics for#
# Global Optimization,                                                     #
# IEEE/ACM Transactions on Computational Biology and Bioinformatics,vol.9, #
# no. 5, pp. 1266-1272, Sept.-Oct. 2012, doi: 10.1109/TCBB.2012.82         #
#                                                                          #
# and original AutoDock Vina paper:                                        #
# O. Trott, A. J. Olson,                                                   #
# AutoDock Vina: improving the speed and accuracy of docking with a        #
# new scoring function, efficient optimization and multithreading,         #
# Journal of Computational Chemistry 31 (2010) 455-461                     #
# doi: 10.1002/jcc.21334                                                   #
############################################################################

Reading input ... done.
Setting up the scoring function ... done.
Analyzing the binding site ... done.
Using random seed: 1658197270
Performing search ... done.
Refining results ... done.

mode |   affinity | dist from best mode
     | (kcal/mol) | rmsd l.b.| rmsd u.b.
-----+------------+----------+----------
   1         -7.0      0.000      0.000
   2         -7.0      3.678      7.348
   3         -6.7      3.772      9.774
   4         -6.6      3.187      8.667
   5         -6.6      3.313      9.310
   6         -6.6      3.390      9.076
   7         -6.6      2.416      5.647
   8         -6.6      3.409      9.631
   9         -6.5      3.598      7.570
  10         -6.5      2.135      6.852
  11         -6.5      4.129      9.905
  12         -6.4      3.015      8.472
  13         -6.4      2.143      6.785
  14         -6.4      4.121      8.362
  15         -6.4      4.301     10.070
  16         -6.4      3.417      9.731
  17         -6.4      3.536      6.805
  18         -6.3      3.850      8.499
  19         -6.3      2.104      8.858
  20         -6.3      4.261      6.764
Writing output ... done.
