############################################################################
# If you used Quick Vina 2 in your work, please cite:                      #
#                                                                          #
# Amr Alhossary, Stephanus Daniel Handoko, Yuguang Mu, and Chee-Keong Kwoh,#
# Fast, Accurate, and Reliable Molecular Docking with QuickVina 2,         #
# Bioinformatics (2015), doi: 10.1093/bioinformatics/btv082                #
#                                                                          #
# You are also encouraged to cite Quick Vina 1:                            #
# Stephanus Daniel Handoko, Xuchang Ouyang, Chinh Tran To Su, Chee Keong   #
# Kwoh, Yew Soon Ong,                                                      #
# QuickVina: Accelerating AutoDock Vina Using Gradient-Based Heuristics for#
# Global Optimization,                                                     #
# IEEE/ACM Transactions on Computational Biology and Bioinformatics,vol.9, #
# no. 5, pp. 1266-1272, Sept.-Oct. 2012, doi: 10.1109/TCBB.2012.82         #
#                                                                          #
# and original AutoDock Vina paper:                                        #
# O. Trott, A. J. Olson,                                                   #
# AutoDock Vina: improving the speed and accuracy of docking with a        #
# new scoring function, efficient optimization and multithreading,         #
# Journal of Computational Chemistry 31 (2010) 455-461                     #
# doi: 10.1002/jcc.21334                                                   #
############################################################################

Reading input ... done.
Setting up the scoring function ... done.
Analyzing the binding site ... done.
Using random seed: 2138751344
Performing search ... done.
Refining results ... done.

mode |   affinity | dist from best mode
     | (kcal/mol) | rmsd l.b.| rmsd u.b.
-----+------------+----------+----------
   1         -6.9      0.000      0.000
   2         -6.8      2.068      5.297
   3         -6.6      2.272      8.188
   4         -6.6      3.250      6.695
   5         -6.5      3.395      9.160
   6         -6.4      1.968      4.146
   7         -6.4      3.114      8.230
   8         -6.3      2.546      7.543
   9         -6.2      1.895      5.227
  10         -6.2      2.695      6.828
  11         -6.1      3.182      5.749
  12         -6.1      2.552      7.485
  13         -6.1      3.384      6.948
  14         -6.1      3.119      7.150
  15         -6.1      2.123      8.071
  16         -6.1      2.718      6.459
  17         -6.1      3.302      7.435
  18         -6.0      2.827      5.457
  19         -6.0      2.680      7.316
  20         -6.0      2.045      8.037
Writing output ... done.
