############################################################################
# If you used Quick Vina 2 in your work, please cite:                      #
#                                                                          #
# Amr Alhossary, Stephanus Daniel Handoko, Yuguang Mu, and Chee-Keong Kwoh,#
# Fast, Accurate, and Reliable Molecular Docking with QuickVina 2,         #
# Bioinformatics (2015), doi: 10.1093/bioinformatics/btv082                #
#                                                                          #
# You are also encouraged to cite Quick Vina 1:                            #
# Stephanus Daniel Handoko, Xuchang Ouyang, Chinh Tran To Su, Chee Keong   #
# Kwoh, Yew Soon Ong,                                                      #
# QuickVina: Accelerating AutoDock Vina Using Gradient-Based Heuristics for#
# Global Optimization,                                                     #
# IEEE/ACM Transactions on Computational Biology and Bioinformatics,vol.9, #
# no. 5, pp. 1266-1272, Sept.-Oct. 2012, doi: 10.1109/TCBB.2012.82         #
#                                                                          #
# and original AutoDock Vina paper:                                        #
# O. Trott, A. J. Olson,                                                   #
# AutoDock Vina: improving the speed and accuracy of docking with a        #
# new scoring function, efficient optimization and multithreading,         #
# Journal of Computational Chemistry 31 (2010) 455-461                     #
# doi: 10.1002/jcc.21334                                                   #
############################################################################

Reading input ... done.
Setting up the scoring function ... done.
Analyzing the binding site ... done.
Using random seed: -160391664
Performing search ... done.
Refining results ... done.

mode |   affinity | dist from best mode
     | (kcal/mol) | rmsd l.b.| rmsd u.b.
-----+------------+----------+----------
   1         -7.2      0.000      0.000
   2         -6.9      1.641      2.178
   3         -6.8      2.919      7.684
   4         -6.8      2.347      8.041
   5         -6.8      2.926      7.923
   6         -6.8      2.409      6.599
   7         -6.8      2.450      6.258
   8         -6.8      2.262      3.082
   9         -6.6      2.943      6.718
  10         -6.5      2.117      3.731
  11         -6.5      2.719      6.974
  12         -6.5      2.798      8.010
  13         -6.5      2.142      3.040
  14         -6.5      2.508      6.002
  15         -6.4      2.765      7.612
  16         -6.4      2.729      7.182
  17         -6.4      2.639      7.022
  18         -6.3      3.180      6.009
  19         -6.2      2.439      7.447
  20         -6.2      1.668      2.202
Writing output ... done.
