############################################################################
# If you used Quick Vina 2 in your work, please cite:                      #
#                                                                          #
# Amr Alhossary, Stephanus Daniel Handoko, Yuguang Mu, and Chee-Keong Kwoh,#
# Fast, Accurate, and Reliable Molecular Docking with QuickVina 2,         #
# Bioinformatics (2015), doi: 10.1093/bioinformatics/btv082                #
#                                                                          #
# You are also encouraged to cite Quick Vina 1:                            #
# Stephanus Daniel Handoko, Xuchang Ouyang, Chinh Tran To Su, Chee Keong   #
# Kwoh, Yew Soon Ong,                                                      #
# QuickVina: Accelerating AutoDock Vina Using Gradient-Based Heuristics for#
# Global Optimization,                                                     #
# IEEE/ACM Transactions on Computational Biology and Bioinformatics,vol.9, #
# no. 5, pp. 1266-1272, Sept.-Oct. 2012, doi: 10.1109/TCBB.2012.82         #
#                                                                          #
# and original AutoDock Vina paper:                                        #
# O. Trott, A. J. Olson,                                                   #
# AutoDock Vina: improving the speed and accuracy of docking with a        #
# new scoring function, efficient optimization and multithreading,         #
# Journal of Computational Chemistry 31 (2010) 455-461                     #
# doi: 10.1002/jcc.21334                                                   #
############################################################################

Reading input ... done.
Setting up the scoring function ... done.
Analyzing the binding site ... done.
Using random seed: -1919315389
Performing search ... done.
Refining results ... done.

mode |   affinity | dist from best mode
     | (kcal/mol) | rmsd l.b.| rmsd u.b.
-----+------------+----------+----------
   1         -6.9      0.000      0.000
   2         -6.9      2.499      7.860
   3         -6.8      2.640      7.908
   4         -6.8      2.279      5.953
   5         -6.8      2.542      8.456
   6         -6.7      2.524      7.576
   7         -6.7      2.408      8.397
   8         -6.6      2.773      8.929
   9         -6.5      2.758      7.460
  10         -6.5      2.871      4.668
  11         -6.5      2.454      8.898
  12         -6.4      2.454      4.698
  13         -6.4      2.568      9.018
  14         -6.3      2.503      5.941
  15         -6.3      2.557      6.278
  16         -6.2      2.391      5.947
  17         -6.2      2.566      9.268
  18         -6.1      2.785      8.888
  19         -6.1      3.005      5.393
  20         -6.0      3.645      9.939
Writing output ... done.
