############################################################################
# If you used Quick Vina 2 in your work, please cite:                      #
#                                                                          #
# Amr Alhossary, Stephanus Daniel Handoko, Yuguang Mu, and Chee-Keong Kwoh,#
# Fast, Accurate, and Reliable Molecular Docking with QuickVina 2,         #
# Bioinformatics (2015), doi: 10.1093/bioinformatics/btv082                #
#                                                                          #
# You are also encouraged to cite Quick Vina 1:                            #
# Stephanus Daniel Handoko, Xuchang Ouyang, Chinh Tran To Su, Chee Keong   #
# Kwoh, Yew Soon Ong,                                                      #
# QuickVina: Accelerating AutoDock Vina Using Gradient-Based Heuristics for#
# Global Optimization,                                                     #
# IEEE/ACM Transactions on Computational Biology and Bioinformatics,vol.9, #
# no. 5, pp. 1266-1272, Sept.-Oct. 2012, doi: 10.1109/TCBB.2012.82         #
#                                                                          #
# and original AutoDock Vina paper:                                        #
# O. Trott, A. J. Olson,                                                   #
# AutoDock Vina: improving the speed and accuracy of docking with a        #
# new scoring function, efficient optimization and multithreading,         #
# Journal of Computational Chemistry 31 (2010) 455-461                     #
# doi: 10.1002/jcc.21334                                                   #
############################################################################

Reading input ... done.
Setting up the scoring function ... done.
Analyzing the binding site ... done.
Using random seed: -1386591030
Performing search ... done.
Refining results ... done.

mode |   affinity | dist from best mode
     | (kcal/mol) | rmsd l.b.| rmsd u.b.
-----+------------+----------+----------
   1         -6.6      0.000      0.000
   2         -6.4      2.677      6.338
   3         -6.4      2.584      3.933
   4         -6.2      2.866      6.124
   5         -6.2      2.913      7.556
   6         -6.1      2.068      9.579
   7         -6.1      3.315      6.690
   8         -6.1      2.299      9.761
   9         -6.1      2.696      9.505
  10         -6.1      2.248     10.206
  11         -6.1      2.433     10.941
  12         -6.0      3.164      6.910
  13         -5.9      2.519     10.109
  14         -5.9      2.367     10.200
  15         -5.8      2.578      7.975
  16         -5.7      3.365      8.394
  17         -5.6      2.430      9.948
  18         -5.6      2.770      9.535
  19         -5.5      3.765      7.511
  20         -5.4      2.246      9.688
Writing output ... done.
