############################################################################
# If you used Quick Vina 2 in your work, please cite:                      #
#                                                                          #
# Amr Alhossary, Stephanus Daniel Handoko, Yuguang Mu, and Chee-Keong Kwoh,#
# Fast, Accurate, and Reliable Molecular Docking with QuickVina 2,         #
# Bioinformatics (2015), doi: 10.1093/bioinformatics/btv082                #
#                                                                          #
# You are also encouraged to cite Quick Vina 1:                            #
# Stephanus Daniel Handoko, Xuchang Ouyang, Chinh Tran To Su, Chee Keong   #
# Kwoh, Yew Soon Ong,                                                      #
# QuickVina: Accelerating AutoDock Vina Using Gradient-Based Heuristics for#
# Global Optimization,                                                     #
# IEEE/ACM Transactions on Computational Biology and Bioinformatics,vol.9, #
# no. 5, pp. 1266-1272, Sept.-Oct. 2012, doi: 10.1109/TCBB.2012.82         #
#                                                                          #
# and original AutoDock Vina paper:                                        #
# O. Trott, A. J. Olson,                                                   #
# AutoDock Vina: improving the speed and accuracy of docking with a        #
# new scoring function, efficient optimization and multithreading,         #
# Journal of Computational Chemistry 31 (2010) 455-461                     #
# doi: 10.1002/jcc.21334                                                   #
############################################################################

Reading input ... done.
Setting up the scoring function ... done.
Analyzing the binding site ... done.
Using random seed: 617468546
Performing search ... done.
Refining results ... done.

mode |   affinity | dist from best mode
     | (kcal/mol) | rmsd l.b.| rmsd u.b.
-----+------------+----------+----------
   1         -6.9      0.000      0.000
   2         -6.8      2.217      3.913
   3         -6.8      2.749      6.392
   4         -6.8      2.313      5.018
   5         -6.8      2.491      6.383
   6         -6.7      2.629      6.760
   7         -6.7      2.969      7.018
   8         -6.6      2.301      5.064
   9         -6.6      2.461      4.108
  10         -6.6      2.498      8.624
  11         -6.5      3.252      9.305
  12         -6.5      3.203     10.286
  13         -6.5      2.511      5.027
  14         -6.5      2.701      9.004
  15         -6.5      2.511      5.315
  16         -6.4      3.060     10.025
  17         -6.4      2.465      6.656
  18         -6.4      2.578      5.106
  19         -6.3      2.830      5.869
  20         -6.3      2.667      5.629
Writing output ... done.
