############################################################################
# If you used Quick Vina 2 in your work, please cite:                      #
#                                                                          #
# Amr Alhossary, Stephanus Daniel Handoko, Yuguang Mu, and Chee-Keong Kwoh,#
# Fast, Accurate, and Reliable Molecular Docking with QuickVina 2,         #
# Bioinformatics (2015), doi: 10.1093/bioinformatics/btv082                #
#                                                                          #
# You are also encouraged to cite Quick Vina 1:                            #
# Stephanus Daniel Handoko, Xuchang Ouyang, Chinh Tran To Su, Chee Keong   #
# Kwoh, Yew Soon Ong,                                                      #
# QuickVina: Accelerating AutoDock Vina Using Gradient-Based Heuristics for#
# Global Optimization,                                                     #
# IEEE/ACM Transactions on Computational Biology and Bioinformatics,vol.9, #
# no. 5, pp. 1266-1272, Sept.-Oct. 2012, doi: 10.1109/TCBB.2012.82         #
#                                                                          #
# and original AutoDock Vina paper:                                        #
# O. Trott, A. J. Olson,                                                   #
# AutoDock Vina: improving the speed and accuracy of docking with a        #
# new scoring function, efficient optimization and multithreading,         #
# Journal of Computational Chemistry 31 (2010) 455-461                     #
# doi: 10.1002/jcc.21334                                                   #
############################################################################

Reading input ... done.
Setting up the scoring function ... done.
Analyzing the binding site ... done.
Using random seed: -1884587576
Performing search ... done.
Refining results ... done.

mode |   affinity | dist from best mode
     | (kcal/mol) | rmsd l.b.| rmsd u.b.
-----+------------+----------+----------
   1         -6.7      0.000      0.000
   2         -6.5      3.102      9.381
   3         -6.4      3.258      9.338
   4         -6.4      2.630      8.896
   5         -6.3      2.022      9.551
   6         -6.3      2.486      7.802
   7         -6.3      2.423      8.326
   8         -6.3      2.876      9.152
   9         -6.2      2.738      5.623
  10         -6.2      2.445      6.649
  11         -6.1      2.207      9.657
  12         -6.1      3.230      8.507
  13         -6.1      3.271      8.215
  14         -6.0      3.191      8.878
  15         -6.0      3.308      8.024
  16         -6.0      2.678      8.322
  17         -6.0      3.359      6.943
  18         -6.0      2.468      6.199
  19         -5.9      2.610      7.267
  20         -5.9      2.865      7.104
Writing output ... done.
