############################################################################
# If you used Quick Vina 2 in your work, please cite:                      #
#                                                                          #
# Amr Alhossary, Stephanus Daniel Handoko, Yuguang Mu, and Chee-Keong Kwoh,#
# Fast, Accurate, and Reliable Molecular Docking with QuickVina 2,         #
# Bioinformatics (2015), doi: 10.1093/bioinformatics/btv082                #
#                                                                          #
# You are also encouraged to cite Quick Vina 1:                            #
# Stephanus Daniel Handoko, Xuchang Ouyang, Chinh Tran To Su, Chee Keong   #
# Kwoh, Yew Soon Ong,                                                      #
# QuickVina: Accelerating AutoDock Vina Using Gradient-Based Heuristics for#
# Global Optimization,                                                     #
# IEEE/ACM Transactions on Computational Biology and Bioinformatics,vol.9, #
# no. 5, pp. 1266-1272, Sept.-Oct. 2012, doi: 10.1109/TCBB.2012.82         #
#                                                                          #
# and original AutoDock Vina paper:                                        #
# O. Trott, A. J. Olson,                                                   #
# AutoDock Vina: improving the speed and accuracy of docking with a        #
# new scoring function, efficient optimization and multithreading,         #
# Journal of Computational Chemistry 31 (2010) 455-461                     #
# doi: 10.1002/jcc.21334                                                   #
############################################################################

Reading input ... done.
Setting up the scoring function ... done.
Analyzing the binding site ... done.
Using random seed: 1284552628
Performing search ... done.
Refining results ... done.

mode |   affinity | dist from best mode
     | (kcal/mol) | rmsd l.b.| rmsd u.b.
-----+------------+----------+----------
   1         -6.4      0.000      0.000
   2         -6.3      4.025      8.767
   3         -6.2      3.427      9.132
   4         -6.2      3.179      8.097
   5         -6.2      3.072      7.899
   6         -6.2      3.298      7.143
   7         -6.1      2.506      6.236
   8         -6.0      3.129      6.484
   9         -5.9      3.975      7.769
  10         -5.9      3.292      9.167
  11         -5.9      2.904      6.776
  12         -5.9      3.298      8.094
  13         -5.9      1.875      4.774
  14         -5.9      3.663      8.898
  15         -5.8      3.032      6.418
  16         -5.8      3.084      8.395
  17         -5.7      3.364      8.407
  18         -5.7      3.349      7.789
  19         -5.7      3.249      8.325
  20         -5.7      2.988      8.056
Writing output ... done.
