############################################################################
# If you used Quick Vina 2 in your work, please cite:                      #
#                                                                          #
# Amr Alhossary, Stephanus Daniel Handoko, Yuguang Mu, and Chee-Keong Kwoh,#
# Fast, Accurate, and Reliable Molecular Docking with QuickVina 2,         #
# Bioinformatics (2015), doi: 10.1093/bioinformatics/btv082                #
#                                                                          #
# You are also encouraged to cite Quick Vina 1:                            #
# Stephanus Daniel Handoko, Xuchang Ouyang, Chinh Tran To Su, Chee Keong   #
# Kwoh, Yew Soon Ong,                                                      #
# QuickVina: Accelerating AutoDock Vina Using Gradient-Based Heuristics for#
# Global Optimization,                                                     #
# IEEE/ACM Transactions on Computational Biology and Bioinformatics,vol.9, #
# no. 5, pp. 1266-1272, Sept.-Oct. 2012, doi: 10.1109/TCBB.2012.82         #
#                                                                          #
# and original AutoDock Vina paper:                                        #
# O. Trott, A. J. Olson,                                                   #
# AutoDock Vina: improving the speed and accuracy of docking with a        #
# new scoring function, efficient optimization and multithreading,         #
# Journal of Computational Chemistry 31 (2010) 455-461                     #
# doi: 10.1002/jcc.21334                                                   #
############################################################################

Reading input ... done.
Setting up the scoring function ... done.
Analyzing the binding site ... done.
Using random seed: -300017474
Performing search ... done.
Refining results ... done.

mode |   affinity | dist from best mode
     | (kcal/mol) | rmsd l.b.| rmsd u.b.
-----+------------+----------+----------
   1         -7.1      0.000      0.000
   2         -6.7      1.882      3.984
   3         -6.5      1.879      6.882
   4         -6.5      2.121      5.263
   5         -6.3      2.167      5.643
   6         -6.3      2.401      6.354
   7         -6.3      2.602      6.129
   8         -6.3      2.742      7.498
   9         -6.2      2.684      8.896
  10         -6.2      2.925      7.410
  11         -6.2      2.660      6.064
  12         -6.1      3.116      7.397
  13         -6.1      2.016      5.385
  14         -6.0      2.094      7.913
  15         -6.0      2.824      7.044
  16         -6.0      2.607      7.413
  17         -6.0      2.824      7.396
  18         -6.0      1.911      7.123
  19         -5.9      2.930      6.933
  20         -5.9      2.002      7.598
Writing output ... done.
