############################################################################
# If you used Quick Vina 2 in your work, please cite:                      #
#                                                                          #
# Amr Alhossary, Stephanus Daniel Handoko, Yuguang Mu, and Chee-Keong Kwoh,#
# Fast, Accurate, and Reliable Molecular Docking with QuickVina 2,         #
# Bioinformatics (2015), doi: 10.1093/bioinformatics/btv082                #
#                                                                          #
# You are also encouraged to cite Quick Vina 1:                            #
# Stephanus Daniel Handoko, Xuchang Ouyang, Chinh Tran To Su, Chee Keong   #
# Kwoh, Yew Soon Ong,                                                      #
# QuickVina: Accelerating AutoDock Vina Using Gradient-Based Heuristics for#
# Global Optimization,                                                     #
# IEEE/ACM Transactions on Computational Biology and Bioinformatics,vol.9, #
# no. 5, pp. 1266-1272, Sept.-Oct. 2012, doi: 10.1109/TCBB.2012.82         #
#                                                                          #
# and original AutoDock Vina paper:                                        #
# O. Trott, A. J. Olson,                                                   #
# AutoDock Vina: improving the speed and accuracy of docking with a        #
# new scoring function, efficient optimization and multithreading,         #
# Journal of Computational Chemistry 31 (2010) 455-461                     #
# doi: 10.1002/jcc.21334                                                   #
############################################################################

Reading input ... done.
Setting up the scoring function ... done.
Analyzing the binding site ... done.
Using random seed: 1743295638
Performing search ... done.
Refining results ... done.

mode |   affinity | dist from best mode
     | (kcal/mol) | rmsd l.b.| rmsd u.b.
-----+------------+----------+----------
   1         -7.5      0.000      0.000
   2         -7.4      3.025      6.809
   3         -7.3      2.938      5.318
   4         -7.2      2.880      5.593
   5         -7.1      3.372      6.128
   6         -7.1      3.516      8.565
   7         -7.0      2.989      8.132
   8         -7.0      4.169     10.546
   9         -6.9      4.175      8.518
  10         -6.9      2.742      9.342
  11         -6.8      3.244      9.392
  12         -6.8      4.522      9.433
  13         -6.7      3.462     10.200
  14         -6.7      3.387      7.291
  15         -6.7      3.662      8.306
  16         -6.7      3.032      9.933
  17         -6.7      3.648      7.216
  18         -6.6      2.861      5.423
  19         -6.5      4.140      8.893
  20         -6.4      4.098      7.600
Writing output ... done.
