############################################################################
# If you used Quick Vina 2 in your work, please cite:                      #
#                                                                          #
# Amr Alhossary, Stephanus Daniel Handoko, Yuguang Mu, and Chee-Keong Kwoh,#
# Fast, Accurate, and Reliable Molecular Docking with QuickVina 2,         #
# Bioinformatics (2015), doi: 10.1093/bioinformatics/btv082                #
#                                                                          #
# You are also encouraged to cite Quick Vina 1:                            #
# Stephanus Daniel Handoko, Xuchang Ouyang, Chinh Tran To Su, Chee Keong   #
# Kwoh, Yew Soon Ong,                                                      #
# QuickVina: Accelerating AutoDock Vina Using Gradient-Based Heuristics for#
# Global Optimization,                                                     #
# IEEE/ACM Transactions on Computational Biology and Bioinformatics,vol.9, #
# no. 5, pp. 1266-1272, Sept.-Oct. 2012, doi: 10.1109/TCBB.2012.82         #
#                                                                          #
# and original AutoDock Vina paper:                                        #
# O. Trott, A. J. Olson,                                                   #
# AutoDock Vina: improving the speed and accuracy of docking with a        #
# new scoring function, efficient optimization and multithreading,         #
# Journal of Computational Chemistry 31 (2010) 455-461                     #
# doi: 10.1002/jcc.21334                                                   #
############################################################################

Reading input ... done.
Setting up the scoring function ... done.
Analyzing the binding site ... done.
Using random seed: 825809618
Performing search ... done.
Refining results ... done.

mode |   affinity | dist from best mode
     | (kcal/mol) | rmsd l.b.| rmsd u.b.
-----+------------+----------+----------
   1         -6.4      0.000      0.000
   2         -6.3      2.796      9.859
   3         -6.2      2.964      7.641
   4         -6.2      2.846      6.162
   5         -6.1      2.250      7.377
   6         -6.0      2.138      3.298
   7         -6.0      2.812      9.661
   8         -6.0      2.489      6.461
   9         -5.9      2.879      5.998
  10         -5.9      2.956      6.729
  11         -5.9      2.508      9.947
  12         -5.9      2.142      3.910
  13         -5.8      2.791      6.182
  14         -5.8      2.501      9.926
  15         -5.8      3.245      7.902
  16         -5.7      3.543      7.662
  17         -5.7      2.805      7.552
  18         -5.7      2.769      7.135
  19         -5.7      2.638      8.862
  20         -5.7      2.619      5.593
Writing output ... done.
