############################################################################
# If you used Quick Vina 2 in your work, please cite:                      #
#                                                                          #
# Amr Alhossary, Stephanus Daniel Handoko, Yuguang Mu, and Chee-Keong Kwoh,#
# Fast, Accurate, and Reliable Molecular Docking with QuickVina 2,         #
# Bioinformatics (2015), doi: 10.1093/bioinformatics/btv082                #
#                                                                          #
# You are also encouraged to cite Quick Vina 1:                            #
# Stephanus Daniel Handoko, Xuchang Ouyang, Chinh Tran To Su, Chee Keong   #
# Kwoh, Yew Soon Ong,                                                      #
# QuickVina: Accelerating AutoDock Vina Using Gradient-Based Heuristics for#
# Global Optimization,                                                     #
# IEEE/ACM Transactions on Computational Biology and Bioinformatics,vol.9, #
# no. 5, pp. 1266-1272, Sept.-Oct. 2012, doi: 10.1109/TCBB.2012.82         #
#                                                                          #
# and original AutoDock Vina paper:                                        #
# O. Trott, A. J. Olson,                                                   #
# AutoDock Vina: improving the speed and accuracy of docking with a        #
# new scoring function, efficient optimization and multithreading,         #
# Journal of Computational Chemistry 31 (2010) 455-461                     #
# doi: 10.1002/jcc.21334                                                   #
############################################################################

Reading input ... done.
Setting up the scoring function ... done.
Analyzing the binding site ... done.
Using random seed: 2046455256
Performing search ... done.
Refining results ... done.

mode |   affinity | dist from best mode
     | (kcal/mol) | rmsd l.b.| rmsd u.b.
-----+------------+----------+----------
   1         -6.7      0.000      0.000
   2         -6.6      2.610      9.409
   3         -6.5      3.338      6.807
   4         -6.4      2.340      9.288
   5         -6.3      2.568      9.947
   6         -6.3      2.511      6.329
   7         -6.2      2.687      6.508
   8         -6.2      2.409     10.897
   9         -6.1      2.694      8.287
  10         -6.1      3.464      7.319
  11         -6.1      3.603     10.164
  12         -6.0      2.421      5.853
  13         -6.0      3.015      7.121
  14         -6.0      2.903      6.159
  15         -5.9      2.621      8.303
  16         -5.9      3.372      6.075
  17         -5.8      2.756      4.964
  18         -5.7      3.619     10.209
  19         -5.7      2.660      9.689
  20         -5.7      2.555      5.126
Writing output ... done.
