############################################################################
# If you used Quick Vina 2 in your work, please cite:                      #
#                                                                          #
# Amr Alhossary, Stephanus Daniel Handoko, Yuguang Mu, and Chee-Keong Kwoh,#
# Fast, Accurate, and Reliable Molecular Docking with QuickVina 2,         #
# Bioinformatics (2015), doi: 10.1093/bioinformatics/btv082                #
#                                                                          #
# You are also encouraged to cite Quick Vina 1:                            #
# Stephanus Daniel Handoko, Xuchang Ouyang, Chinh Tran To Su, Chee Keong   #
# Kwoh, Yew Soon Ong,                                                      #
# QuickVina: Accelerating AutoDock Vina Using Gradient-Based Heuristics for#
# Global Optimization,                                                     #
# IEEE/ACM Transactions on Computational Biology and Bioinformatics,vol.9, #
# no. 5, pp. 1266-1272, Sept.-Oct. 2012, doi: 10.1109/TCBB.2012.82         #
#                                                                          #
# and original AutoDock Vina paper:                                        #
# O. Trott, A. J. Olson,                                                   #
# AutoDock Vina: improving the speed and accuracy of docking with a        #
# new scoring function, efficient optimization and multithreading,         #
# Journal of Computational Chemistry 31 (2010) 455-461                     #
# doi: 10.1002/jcc.21334                                                   #
############################################################################

Reading input ... done.
Setting up the scoring function ... done.
Analyzing the binding site ... done.
Using random seed: 875155974
Performing search ... done.
Refining results ... done.

mode |   affinity | dist from best mode
     | (kcal/mol) | rmsd l.b.| rmsd u.b.
-----+------------+----------+----------
   1         -7.0      0.000      0.000
   2         -7.0      3.018      6.848
   3         -7.0      3.039      6.068
   4         -6.9      2.769      8.481
   5         -6.9      2.375      8.599
   6         -6.8      3.064      8.584
   7         -6.7      3.362      7.185
   8         -6.7      4.169      8.545
   9         -6.6      4.273      7.246
  10         -6.5      3.714     10.663
  11         -6.5      3.256      9.441
  12         -6.5      3.326      6.759
  13         -6.4      3.079      8.747
  14         -6.4      3.156      7.229
  15         -6.4      2.855      9.583
  16         -6.4      4.007      6.634
  17         -6.3      3.601     10.268
  18         -6.3      4.112      6.401
  19         -6.3      2.901      5.719
  20         -6.2      3.529      9.246
Writing output ... done.
