############################################################################
# If you used Quick Vina 2 in your work, please cite:                      #
#                                                                          #
# Amr Alhossary, Stephanus Daniel Handoko, Yuguang Mu, and Chee-Keong Kwoh,#
# Fast, Accurate, and Reliable Molecular Docking with QuickVina 2,         #
# Bioinformatics (2015), doi: 10.1093/bioinformatics/btv082                #
#                                                                          #
# You are also encouraged to cite Quick Vina 1:                            #
# Stephanus Daniel Handoko, Xuchang Ouyang, Chinh Tran To Su, Chee Keong   #
# Kwoh, Yew Soon Ong,                                                      #
# QuickVina: Accelerating AutoDock Vina Using Gradient-Based Heuristics for#
# Global Optimization,                                                     #
# IEEE/ACM Transactions on Computational Biology and Bioinformatics,vol.9, #
# no. 5, pp. 1266-1272, Sept.-Oct. 2012, doi: 10.1109/TCBB.2012.82         #
#                                                                          #
# and original AutoDock Vina paper:                                        #
# O. Trott, A. J. Olson,                                                   #
# AutoDock Vina: improving the speed and accuracy of docking with a        #
# new scoring function, efficient optimization and multithreading,         #
# Journal of Computational Chemistry 31 (2010) 455-461                     #
# doi: 10.1002/jcc.21334                                                   #
############################################################################

Reading input ... done.
Setting up the scoring function ... done.
Analyzing the binding site ... done.
Using random seed: -746927574
Performing search ... done.
Refining results ... done.

mode |   affinity | dist from best mode
     | (kcal/mol) | rmsd l.b.| rmsd u.b.
-----+------------+----------+----------
   1         -7.4      0.000      0.000
   2         -7.4      2.210      7.227
   3         -7.3      2.507      9.423
   4         -7.3      3.058      7.603
   5         -7.2      2.362      7.079
   6         -7.1      2.952      8.727
   7         -7.1      2.920      8.126
   8         -7.0      3.364      7.290
   9         -6.9      2.470      7.196
  10         -6.9      2.375      7.480
  11         -6.9      2.399      9.569
  12         -6.8      2.784      6.572
  13         -6.8      2.494      6.304
  14         -6.8      2.871      7.564
  15         -6.7      2.372      5.809
  16         -6.7      2.718      7.418
  17         -6.7      2.860      7.716
  18         -6.7      3.418      8.985
  19         -6.6      2.081      6.213
  20         -6.6      2.640      9.164
Writing output ... done.
