############################################################################
# If you used Quick Vina 2 in your work, please cite:                      #
#                                                                          #
# Amr Alhossary, Stephanus Daniel Handoko, Yuguang Mu, and Chee-Keong Kwoh,#
# Fast, Accurate, and Reliable Molecular Docking with QuickVina 2,         #
# Bioinformatics (2015), doi: 10.1093/bioinformatics/btv082                #
#                                                                          #
# You are also encouraged to cite Quick Vina 1:                            #
# Stephanus Daniel Handoko, Xuchang Ouyang, Chinh Tran To Su, Chee Keong   #
# Kwoh, Yew Soon Ong,                                                      #
# QuickVina: Accelerating AutoDock Vina Using Gradient-Based Heuristics for#
# Global Optimization,                                                     #
# IEEE/ACM Transactions on Computational Biology and Bioinformatics,vol.9, #
# no. 5, pp. 1266-1272, Sept.-Oct. 2012, doi: 10.1109/TCBB.2012.82         #
#                                                                          #
# and original AutoDock Vina paper:                                        #
# O. Trott, A. J. Olson,                                                   #
# AutoDock Vina: improving the speed and accuracy of docking with a        #
# new scoring function, efficient optimization and multithreading,         #
# Journal of Computational Chemistry 31 (2010) 455-461                     #
# doi: 10.1002/jcc.21334                                                   #
############################################################################

Reading input ... done.
Setting up the scoring function ... done.
Analyzing the binding site ... done.
Using random seed: 1541905942
Performing search ... done.
Refining results ... done.

mode |   affinity | dist from best mode
     | (kcal/mol) | rmsd l.b.| rmsd u.b.
-----+------------+----------+----------
   1         -7.1      0.000      0.000
   2         -7.0      2.385      5.534
   3         -7.0      2.346      6.090
   4         -6.8      3.307      7.794
   5         -6.8      2.844      7.626
   6         -6.7      2.983      8.808
   7         -6.6      2.122      8.642
   8         -6.6      2.873      7.919
   9         -6.5      2.423      7.790
  10         -6.5      3.538      9.236
  11         -6.5      2.326      5.908
  12         -6.5      2.616      6.825
  13         -6.5      2.294      8.624
  14         -6.4      3.202      7.945
  15         -6.4      1.983      8.011
  16         -6.3      2.654      7.771
  17         -6.3      3.091      7.354
  18         -6.3      2.223      7.887
  19         -6.3      2.389      6.606
  20         -6.3      2.655      7.673
Writing output ... done.
