############################################################################
# If you used Quick Vina 2 in your work, please cite:                      #
#                                                                          #
# Amr Alhossary, Stephanus Daniel Handoko, Yuguang Mu, and Chee-Keong Kwoh,#
# Fast, Accurate, and Reliable Molecular Docking with QuickVina 2,         #
# Bioinformatics (2015), doi: 10.1093/bioinformatics/btv082                #
#                                                                          #
# You are also encouraged to cite Quick Vina 1:                            #
# Stephanus Daniel Handoko, Xuchang Ouyang, Chinh Tran To Su, Chee Keong   #
# Kwoh, Yew Soon Ong,                                                      #
# QuickVina: Accelerating AutoDock Vina Using Gradient-Based Heuristics for#
# Global Optimization,                                                     #
# IEEE/ACM Transactions on Computational Biology and Bioinformatics,vol.9, #
# no. 5, pp. 1266-1272, Sept.-Oct. 2012, doi: 10.1109/TCBB.2012.82         #
#                                                                          #
# and original AutoDock Vina paper:                                        #
# O. Trott, A. J. Olson,                                                   #
# AutoDock Vina: improving the speed and accuracy of docking with a        #
# new scoring function, efficient optimization and multithreading,         #
# Journal of Computational Chemistry 31 (2010) 455-461                     #
# doi: 10.1002/jcc.21334                                                   #
############################################################################

Reading input ... done.
Setting up the scoring function ... done.
Analyzing the binding site ... done.
Using random seed: 492170338
Performing search ... done.
Refining results ... done.

mode |   affinity | dist from best mode
     | (kcal/mol) | rmsd l.b.| rmsd u.b.
-----+------------+----------+----------
   1         -6.8      0.000      0.000
   2         -6.8      2.699      7.969
   3         -6.7      2.516      5.798
   4         -6.7      3.094      8.611
   5         -6.6      2.615      7.661
   6         -6.6      3.629      7.277
   7         -6.5      2.629      7.756
   8         -6.5      2.659      8.405
   9         -6.4      3.313      8.581
  10         -6.3      2.137      5.537
  11         -6.2      2.667      5.359
  12         -6.2      2.555      5.558
  13         -6.2      2.694      8.868
  14         -6.2      3.167     10.420
  15         -6.1      2.604      5.216
  16         -6.1      2.776      8.380
  17         -6.0      3.124      8.926
  18         -6.0      3.274      9.258
  19         -5.9      2.804      6.617
  20         -5.9      2.909      7.798
Writing output ... done.
