############################################################################
# If you used Quick Vina 2 in your work, please cite:                      #
#                                                                          #
# Amr Alhossary, Stephanus Daniel Handoko, Yuguang Mu, and Chee-Keong Kwoh,#
# Fast, Accurate, and Reliable Molecular Docking with QuickVina 2,         #
# Bioinformatics (2015), doi: 10.1093/bioinformatics/btv082                #
#                                                                          #
# You are also encouraged to cite Quick Vina 1:                            #
# Stephanus Daniel Handoko, Xuchang Ouyang, Chinh Tran To Su, Chee Keong   #
# Kwoh, Yew Soon Ong,                                                      #
# QuickVina: Accelerating AutoDock Vina Using Gradient-Based Heuristics for#
# Global Optimization,                                                     #
# IEEE/ACM Transactions on Computational Biology and Bioinformatics,vol.9, #
# no. 5, pp. 1266-1272, Sept.-Oct. 2012, doi: 10.1109/TCBB.2012.82         #
#                                                                          #
# and original AutoDock Vina paper:                                        #
# O. Trott, A. J. Olson,                                                   #
# AutoDock Vina: improving the speed and accuracy of docking with a        #
# new scoring function, efficient optimization and multithreading,         #
# Journal of Computational Chemistry 31 (2010) 455-461                     #
# doi: 10.1002/jcc.21334                                                   #
############################################################################

Reading input ... done.
Setting up the scoring function ... done.
Analyzing the binding site ... done.
Using random seed: 951189636
Performing search ... done.
Refining results ... done.

mode |   affinity | dist from best mode
     | (kcal/mol) | rmsd l.b.| rmsd u.b.
-----+------------+----------+----------
   1         -6.9      0.000      0.000
   2         -6.8      2.521      5.149
   3         -6.8      3.741      7.591
   4         -6.7      2.511      5.180
   5         -6.6      3.253      9.864
   6         -6.5      2.629      6.201
   7         -6.5      2.463      9.929
   8         -6.5      2.777      4.863
   9         -6.3      2.740      5.212
  10         -6.3      3.299      9.528
  11         -6.3      2.351      6.130
  12         -6.3      2.450      4.706
  13         -6.2      3.246     10.042
  14         -6.2      2.693      6.483
  15         -6.2      1.684      2.934
  16         -6.2      2.323      5.327
  17         -6.2      3.014      9.630
  18         -6.1      2.048      3.441
  19         -6.1      2.847     10.327
  20         -6.1      2.955      4.946
Writing output ... done.
