############################################################################
# If you used Quick Vina 2 in your work, please cite:                      #
#                                                                          #
# Amr Alhossary, Stephanus Daniel Handoko, Yuguang Mu, and Chee-Keong Kwoh,#
# Fast, Accurate, and Reliable Molecular Docking with QuickVina 2,         #
# Bioinformatics (2015), doi: 10.1093/bioinformatics/btv082                #
#                                                                          #
# You are also encouraged to cite Quick Vina 1:                            #
# Stephanus Daniel Handoko, Xuchang Ouyang, Chinh Tran To Su, Chee Keong   #
# Kwoh, Yew Soon Ong,                                                      #
# QuickVina: Accelerating AutoDock Vina Using Gradient-Based Heuristics for#
# Global Optimization,                                                     #
# IEEE/ACM Transactions on Computational Biology and Bioinformatics,vol.9, #
# no. 5, pp. 1266-1272, Sept.-Oct. 2012, doi: 10.1109/TCBB.2012.82         #
#                                                                          #
# and original AutoDock Vina paper:                                        #
# O. Trott, A. J. Olson,                                                   #
# AutoDock Vina: improving the speed and accuracy of docking with a        #
# new scoring function, efficient optimization and multithreading,         #
# Journal of Computational Chemistry 31 (2010) 455-461                     #
# doi: 10.1002/jcc.21334                                                   #
############################################################################

Reading input ... done.
Setting up the scoring function ... done.
Analyzing the binding site ... done.
Using random seed: 1617917728
Performing search ... done.
Refining results ... done.

mode |   affinity | dist from best mode
     | (kcal/mol) | rmsd l.b.| rmsd u.b.
-----+------------+----------+----------
   1         -6.6      0.000      0.000
   2         -6.5      1.523      2.291
   3         -6.5      3.531      6.432
   4         -6.3      3.689      7.184
   5         -6.3      2.545      9.161
   6         -6.3      2.311      8.803
   7         -6.3      2.497      9.069
   8         -6.2      3.534      6.760
   9         -6.1      3.039      9.285
  10         -6.1      2.530      6.224
  11         -6.0      1.789      2.215
  12         -5.9      2.769      8.553
  13         -5.9      2.991      8.840
  14         -5.8      2.444      4.527
  15         -5.8      2.819      5.820
  16         -5.8      3.135      9.591
  17         -5.8      2.205      5.747
  18         -5.8      2.286      3.226
  19         -5.7      2.632      7.435
  20         -5.7      2.837      7.429
Writing output ... done.
