############################################################################
# If you used Quick Vina 2 in your work, please cite:                      #
#                                                                          #
# Amr Alhossary, Stephanus Daniel Handoko, Yuguang Mu, and Chee-Keong Kwoh,#
# Fast, Accurate, and Reliable Molecular Docking with QuickVina 2,         #
# Bioinformatics (2015), doi: 10.1093/bioinformatics/btv082                #
#                                                                          #
# You are also encouraged to cite Quick Vina 1:                            #
# Stephanus Daniel Handoko, Xuchang Ouyang, Chinh Tran To Su, Chee Keong   #
# Kwoh, Yew Soon Ong,                                                      #
# QuickVina: Accelerating AutoDock Vina Using Gradient-Based Heuristics for#
# Global Optimization,                                                     #
# IEEE/ACM Transactions on Computational Biology and Bioinformatics,vol.9, #
# no. 5, pp. 1266-1272, Sept.-Oct. 2012, doi: 10.1109/TCBB.2012.82         #
#                                                                          #
# and original AutoDock Vina paper:                                        #
# O. Trott, A. J. Olson,                                                   #
# AutoDock Vina: improving the speed and accuracy of docking with a        #
# new scoring function, efficient optimization and multithreading,         #
# Journal of Computational Chemistry 31 (2010) 455-461                     #
# doi: 10.1002/jcc.21334                                                   #
############################################################################

Reading input ... done.
Setting up the scoring function ... done.
Analyzing the binding site ... done.
Using random seed: -1102074882
Performing search ... done.
Refining results ... done.

mode |   affinity | dist from best mode
     | (kcal/mol) | rmsd l.b.| rmsd u.b.
-----+------------+----------+----------
   1         -6.8      0.000      0.000
   2         -6.7      3.170      5.543
   3         -6.7      2.911      6.998
   4         -6.7      3.183      6.521
   5         -6.6      2.940      3.893
   6         -6.5      3.025      5.641
   7         -6.5      3.603     11.090
   8         -6.4      3.163      5.489
   9         -6.3      2.766      4.053
  10         -6.3      2.363      9.564
  11         -6.3      4.172      7.555
  12         -6.3      3.310      6.466
  13         -6.2      2.158      5.878
  14         -6.2      3.342      7.317
  15         -6.1      3.051      7.089
  16         -6.1      2.525      7.945
  17         -6.0      2.561      8.899
  18         -6.0      3.019      6.705
  19         -6.0      3.511      7.142
  20         -5.9      3.344      9.524
Writing output ... done.
