############################################################################
# If you used Quick Vina 2 in your work, please cite:                      #
#                                                                          #
# Amr Alhossary, Stephanus Daniel Handoko, Yuguang Mu, and Chee-Keong Kwoh,#
# Fast, Accurate, and Reliable Molecular Docking with QuickVina 2,         #
# Bioinformatics (2015), doi: 10.1093/bioinformatics/btv082                #
#                                                                          #
# You are also encouraged to cite Quick Vina 1:                            #
# Stephanus Daniel Handoko, Xuchang Ouyang, Chinh Tran To Su, Chee Keong   #
# Kwoh, Yew Soon Ong,                                                      #
# QuickVina: Accelerating AutoDock Vina Using Gradient-Based Heuristics for#
# Global Optimization,                                                     #
# IEEE/ACM Transactions on Computational Biology and Bioinformatics,vol.9, #
# no. 5, pp. 1266-1272, Sept.-Oct. 2012, doi: 10.1109/TCBB.2012.82         #
#                                                                          #
# and original AutoDock Vina paper:                                        #
# O. Trott, A. J. Olson,                                                   #
# AutoDock Vina: improving the speed and accuracy of docking with a        #
# new scoring function, efficient optimization and multithreading,         #
# Journal of Computational Chemistry 31 (2010) 455-461                     #
# doi: 10.1002/jcc.21334                                                   #
############################################################################

Reading input ... done.
Setting up the scoring function ... done.
Analyzing the binding site ... done.
Using random seed: 1333960106
Performing search ... done.
Refining results ... done.

mode |   affinity | dist from best mode
     | (kcal/mol) | rmsd l.b.| rmsd u.b.
-----+------------+----------+----------
   1         -7.3      0.000      0.000
   2         -7.1      2.358      6.162
   3         -7.0      1.341      2.711
   4         -7.0      2.671      7.855
   5         -7.0      2.336      5.113
   6         -6.9      2.663      9.174
   7         -6.9      2.291      4.868
   8         -6.8      2.912      9.395
   9         -6.6      3.191      9.963
  10         -6.6      2.684      9.350
  11         -6.6      2.572      8.658
  12         -6.6      4.092     10.197
  13         -6.6      2.964      9.296
  14         -6.5      2.139      9.839
  15         -6.5      2.067      4.798
  16         -6.5      3.347      9.499
  17         -6.5      2.426     10.084
  18         -6.5      3.555      8.315
  19         -6.5      3.348      9.998
  20         -6.4      2.554      6.474
Writing output ... done.
