############################################################################
# If you used Quick Vina 2 in your work, please cite:                      #
#                                                                          #
# Amr Alhossary, Stephanus Daniel Handoko, Yuguang Mu, and Chee-Keong Kwoh,#
# Fast, Accurate, and Reliable Molecular Docking with QuickVina 2,         #
# Bioinformatics (2015), doi: 10.1093/bioinformatics/btv082                #
#                                                                          #
# You are also encouraged to cite Quick Vina 1:                            #
# Stephanus Daniel Handoko, Xuchang Ouyang, Chinh Tran To Su, Chee Keong   #
# Kwoh, Yew Soon Ong,                                                      #
# QuickVina: Accelerating AutoDock Vina Using Gradient-Based Heuristics for#
# Global Optimization,                                                     #
# IEEE/ACM Transactions on Computational Biology and Bioinformatics,vol.9, #
# no. 5, pp. 1266-1272, Sept.-Oct. 2012, doi: 10.1109/TCBB.2012.82         #
#                                                                          #
# and original AutoDock Vina paper:                                        #
# O. Trott, A. J. Olson,                                                   #
# AutoDock Vina: improving the speed and accuracy of docking with a        #
# new scoring function, efficient optimization and multithreading,         #
# Journal of Computational Chemistry 31 (2010) 455-461                     #
# doi: 10.1002/jcc.21334                                                   #
############################################################################

Reading input ... done.
Setting up the scoring function ... done.
Analyzing the binding site ... done.
Using random seed: 1504541366
Performing search ... done.
Refining results ... done.

mode |   affinity | dist from best mode
     | (kcal/mol) | rmsd l.b.| rmsd u.b.
-----+------------+----------+----------
   1         -6.5      0.000      0.000
   2         -6.5      2.854      4.864
   3         -6.3      3.404      9.731
   4         -6.3      2.476      5.674
   5         -6.3      3.524      8.848
   6         -6.2      2.860      7.898
   7         -6.2      3.081      6.956
   8         -6.1      3.379      6.986
   9         -6.1      3.367      9.331
  10         -6.1      3.416      8.922
  11         -6.0      3.572      7.975
  12         -5.9      3.828      9.641
  13         -5.9      3.911      9.170
  14         -5.9      4.071      9.869
  15         -5.9      3.475      8.990
  16         -5.9      3.826      8.425
  17         -5.9      2.818      9.601
  18         -5.9      2.684      4.612
  19         -5.9      3.503      9.562
  20         -5.9      3.271      9.519
Writing output ... done.
