############################################################################
# If you used Quick Vina 2 in your work, please cite:                      #
#                                                                          #
# Amr Alhossary, Stephanus Daniel Handoko, Yuguang Mu, and Chee-Keong Kwoh,#
# Fast, Accurate, and Reliable Molecular Docking with QuickVina 2,         #
# Bioinformatics (2015), doi: 10.1093/bioinformatics/btv082                #
#                                                                          #
# You are also encouraged to cite Quick Vina 1:                            #
# Stephanus Daniel Handoko, Xuchang Ouyang, Chinh Tran To Su, Chee Keong   #
# Kwoh, Yew Soon Ong,                                                      #
# QuickVina: Accelerating AutoDock Vina Using Gradient-Based Heuristics for#
# Global Optimization,                                                     #
# IEEE/ACM Transactions on Computational Biology and Bioinformatics,vol.9, #
# no. 5, pp. 1266-1272, Sept.-Oct. 2012, doi: 10.1109/TCBB.2012.82         #
#                                                                          #
# and original AutoDock Vina paper:                                        #
# O. Trott, A. J. Olson,                                                   #
# AutoDock Vina: improving the speed and accuracy of docking with a        #
# new scoring function, efficient optimization and multithreading,         #
# Journal of Computational Chemistry 31 (2010) 455-461                     #
# doi: 10.1002/jcc.21334                                                   #
############################################################################

Reading input ... done.
Setting up the scoring function ... done.
Analyzing the binding site ... done.
Using random seed: 1045593759
Performing search ... done.
Refining results ... done.

mode |   affinity | dist from best mode
     | (kcal/mol) | rmsd l.b.| rmsd u.b.
-----+------------+----------+----------
   1         -7.2      0.000      0.000
   2         -7.2      2.259      5.046
   3         -7.1      2.720      9.725
   4         -7.1      2.593      4.785
   5         -7.0      2.644      9.564
   6         -7.0      2.917      9.712
   7         -6.9      3.342     10.284
   8         -6.9      2.710      7.738
   9         -6.8      3.380     10.608
  10         -6.8      2.880     10.059
  11         -6.8      2.507      4.494
  12         -6.7      3.429     10.042
  13         -6.7      4.150      8.364
  14         -6.7      2.681      6.267
  15         -6.7      2.268     10.987
  16         -6.7      2.780      5.886
  17         -6.6      2.772     10.405
  18         -6.6      2.603      5.076
  19         -6.6      3.378      7.773
  20         -6.6      2.727     10.363
Writing output ... done.
