############################################################################
# If you used Quick Vina 2 in your work, please cite:                      #
#                                                                          #
# Amr Alhossary, Stephanus Daniel Handoko, Yuguang Mu, and Chee-Keong Kwoh,#
# Fast, Accurate, and Reliable Molecular Docking with QuickVina 2,         #
# Bioinformatics (2015), doi: 10.1093/bioinformatics/btv082                #
#                                                                          #
# You are also encouraged to cite Quick Vina 1:                            #
# Stephanus Daniel Handoko, Xuchang Ouyang, Chinh Tran To Su, Chee Keong   #
# Kwoh, Yew Soon Ong,                                                      #
# QuickVina: Accelerating AutoDock Vina Using Gradient-Based Heuristics for#
# Global Optimization,                                                     #
# IEEE/ACM Transactions on Computational Biology and Bioinformatics,vol.9, #
# no. 5, pp. 1266-1272, Sept.-Oct. 2012, doi: 10.1109/TCBB.2012.82         #
#                                                                          #
# and original AutoDock Vina paper:                                        #
# O. Trott, A. J. Olson,                                                   #
# AutoDock Vina: improving the speed and accuracy of docking with a        #
# new scoring function, efficient optimization and multithreading,         #
# Journal of Computational Chemistry 31 (2010) 455-461                     #
# doi: 10.1002/jcc.21334                                                   #
############################################################################

Reading input ... done.
Setting up the scoring function ... done.
Analyzing the binding site ... done.
Using random seed: -1769112568
Performing search ... done.
Refining results ... done.

mode |   affinity | dist from best mode
     | (kcal/mol) | rmsd l.b.| rmsd u.b.
-----+------------+----------+----------
   1         -7.1      0.000      0.000
   2         -7.0      2.889      9.348
   3         -7.0      2.412      9.453
   4         -6.9      3.125     10.329
   5         -6.9      2.591     10.413
   6         -6.9      2.678      9.069
   7         -6.8      2.977      9.068
   8         -6.8      3.104     10.538
   9         -6.7      3.066      9.006
  10         -6.6      2.817      6.102
  11         -6.6      3.411     10.591
  12         -6.6      3.386      9.744
  13         -6.5      3.815      9.060
  14         -6.5      3.616      9.936
  15         -6.5      3.006     10.274
  16         -6.4      3.979      8.720
  17         -6.4      3.102     10.552
  18         -6.3      3.185     10.184
  19         -6.3      3.671      7.539
  20         -6.3      3.131      8.571
Writing output ... done.
