############################################################################
# If you used Quick Vina 2 in your work, please cite:                      #
#                                                                          #
# Amr Alhossary, Stephanus Daniel Handoko, Yuguang Mu, and Chee-Keong Kwoh,#
# Fast, Accurate, and Reliable Molecular Docking with QuickVina 2,         #
# Bioinformatics (2015), doi: 10.1093/bioinformatics/btv082                #
#                                                                          #
# You are also encouraged to cite Quick Vina 1:                            #
# Stephanus Daniel Handoko, Xuchang Ouyang, Chinh Tran To Su, Chee Keong   #
# Kwoh, Yew Soon Ong,                                                      #
# QuickVina: Accelerating AutoDock Vina Using Gradient-Based Heuristics for#
# Global Optimization,                                                     #
# IEEE/ACM Transactions on Computational Biology and Bioinformatics,vol.9, #
# no. 5, pp. 1266-1272, Sept.-Oct. 2012, doi: 10.1109/TCBB.2012.82         #
#                                                                          #
# and original AutoDock Vina paper:                                        #
# O. Trott, A. J. Olson,                                                   #
# AutoDock Vina: improving the speed and accuracy of docking with a        #
# new scoring function, efficient optimization and multithreading,         #
# Journal of Computational Chemistry 31 (2010) 455-461                     #
# doi: 10.1002/jcc.21334                                                   #
############################################################################

Reading input ... done.
Setting up the scoring function ... done.
Analyzing the binding site ... done.
Using random seed: 909976902
Performing search ... done.
Refining results ... done.

mode |   affinity | dist from best mode
     | (kcal/mol) | rmsd l.b.| rmsd u.b.
-----+------------+----------+----------
   1         -7.5      0.000      0.000
   2         -7.4      4.124     10.789
   3         -7.4      3.067      8.410
   4         -7.3      3.812     10.912
   5         -7.3      2.750      4.256
   6         -7.3      2.802      9.968
   7         -7.2      3.185      9.507
   8         -7.1      3.111      7.380
   9         -7.1      3.997      6.051
  10         -7.0      2.799     10.533
  11         -7.0      3.474      8.694
  12         -7.0      2.308      4.860
  13         -7.0      3.790      8.649
  14         -7.0      4.265      8.207
  15         -7.0      2.713      4.191
  16         -6.9      3.375     10.524
  17         -6.9      2.784      4.633
  18         -6.9      3.202      8.780
  19         -6.9      3.047     10.269
  20         -6.9      2.274      3.795
Writing output ... done.
