############################################################################
# If you used Quick Vina 2 in your work, please cite:                      #
#                                                                          #
# Amr Alhossary, Stephanus Daniel Handoko, Yuguang Mu, and Chee-Keong Kwoh,#
# Fast, Accurate, and Reliable Molecular Docking with QuickVina 2,         #
# Bioinformatics (2015), doi: 10.1093/bioinformatics/btv082                #
#                                                                          #
# You are also encouraged to cite Quick Vina 1:                            #
# Stephanus Daniel Handoko, Xuchang Ouyang, Chinh Tran To Su, Chee Keong   #
# Kwoh, Yew Soon Ong,                                                      #
# QuickVina: Accelerating AutoDock Vina Using Gradient-Based Heuristics for#
# Global Optimization,                                                     #
# IEEE/ACM Transactions on Computational Biology and Bioinformatics,vol.9, #
# no. 5, pp. 1266-1272, Sept.-Oct. 2012, doi: 10.1109/TCBB.2012.82         #
#                                                                          #
# and original AutoDock Vina paper:                                        #
# O. Trott, A. J. Olson,                                                   #
# AutoDock Vina: improving the speed and accuracy of docking with a        #
# new scoring function, efficient optimization and multithreading,         #
# Journal of Computational Chemistry 31 (2010) 455-461                     #
# doi: 10.1002/jcc.21334                                                   #
############################################################################

Reading input ... done.
Setting up the scoring function ... done.
Analyzing the binding site ... done.
Using random seed: 1117794678
Performing search ... done.
Refining results ... done.

mode |   affinity | dist from best mode
     | (kcal/mol) | rmsd l.b.| rmsd u.b.
-----+------------+----------+----------
   1         -7.1      0.000      0.000
   2         -6.8      3.480      8.724
   3         -6.8      3.455      8.155
   4         -6.7      3.409      6.524
   5         -6.7      3.359      7.651
   6         -6.7      3.107      7.970
   7         -6.6      2.335      7.627
   8         -6.5      2.869      7.692
   9         -6.5      3.155      7.429
  10         -6.4      3.378      7.988
  11         -6.4      2.942      7.109
  12         -6.3      2.731      5.191
  13         -6.3      2.414      7.194
  14         -6.3      2.325      7.065
  15         -6.3      2.857      7.477
  16         -6.2      3.872      6.807
  17         -6.2      3.382      8.146
  18         -6.2      2.773      8.003
  19         -6.1      2.461      7.598
  20         -6.1      2.327      8.238
Writing output ... done.
