############################################################################
# If you used Quick Vina 2 in your work, please cite:                      #
#                                                                          #
# Amr Alhossary, Stephanus Daniel Handoko, Yuguang Mu, and Chee-Keong Kwoh,#
# Fast, Accurate, and Reliable Molecular Docking with QuickVina 2,         #
# Bioinformatics (2015), doi: 10.1093/bioinformatics/btv082                #
#                                                                          #
# You are also encouraged to cite Quick Vina 1:                            #
# Stephanus Daniel Handoko, Xuchang Ouyang, Chinh Tran To Su, Chee Keong   #
# Kwoh, Yew Soon Ong,                                                      #
# QuickVina: Accelerating AutoDock Vina Using Gradient-Based Heuristics for#
# Global Optimization,                                                     #
# IEEE/ACM Transactions on Computational Biology and Bioinformatics,vol.9, #
# no. 5, pp. 1266-1272, Sept.-Oct. 2012, doi: 10.1109/TCBB.2012.82         #
#                                                                          #
# and original AutoDock Vina paper:                                        #
# O. Trott, A. J. Olson,                                                   #
# AutoDock Vina: improving the speed and accuracy of docking with a        #
# new scoring function, efficient optimization and multithreading,         #
# Journal of Computational Chemistry 31 (2010) 455-461                     #
# doi: 10.1002/jcc.21334                                                   #
############################################################################

Reading input ... done.
Setting up the scoring function ... done.
Analyzing the binding site ... done.
Using random seed: 2035673170
Performing search ... done.
Refining results ... done.

mode |   affinity | dist from best mode
     | (kcal/mol) | rmsd l.b.| rmsd u.b.
-----+------------+----------+----------
   1         -7.9      0.000      0.000
   2         -7.6      3.025      4.821
   3         -7.5      3.255      9.743
   4         -7.5      2.457      9.424
   5         -7.2      2.199      2.591
   6         -7.2      2.811      8.801
   7         -7.1      3.060     10.016
   8         -7.0      2.786      9.250
   9         -7.0      2.401      5.529
  10         -7.0      3.294      5.113
  11         -7.0      2.882      6.106
  12         -7.0      2.662      9.338
  13         -7.0      2.474      6.961
  14         -6.9      3.166      7.598
  15         -6.9      2.793      9.359
Writing output ... done.
