############################################################################
# If you used Quick Vina 2 in your work, please cite:                      #
#                                                                          #
# Amr Alhossary, Stephanus Daniel Handoko, Yuguang Mu, and Chee-Keong Kwoh,#
# Fast, Accurate, and Reliable Molecular Docking with QuickVina 2,         #
# Bioinformatics (2015), doi: 10.1093/bioinformatics/btv082                #
#                                                                          #
# You are also encouraged to cite Quick Vina 1:                            #
# Stephanus Daniel Handoko, Xuchang Ouyang, Chinh Tran To Su, Chee Keong   #
# Kwoh, Yew Soon Ong,                                                      #
# QuickVina: Accelerating AutoDock Vina Using Gradient-Based Heuristics for#
# Global Optimization,                                                     #
# IEEE/ACM Transactions on Computational Biology and Bioinformatics,vol.9, #
# no. 5, pp. 1266-1272, Sept.-Oct. 2012, doi: 10.1109/TCBB.2012.82         #
#                                                                          #
# and original AutoDock Vina paper:                                        #
# O. Trott, A. J. Olson,                                                   #
# AutoDock Vina: improving the speed and accuracy of docking with a        #
# new scoring function, efficient optimization and multithreading,         #
# Journal of Computational Chemistry 31 (2010) 455-461                     #
# doi: 10.1002/jcc.21334                                                   #
############################################################################

Reading input ... done.
Setting up the scoring function ... done.
Analyzing the binding site ... done.
Using random seed: 1784551700
Performing search ... done.
Refining results ... done.

mode |   affinity | dist from best mode
     | (kcal/mol) | rmsd l.b.| rmsd u.b.
-----+------------+----------+----------
   1         -6.8      0.000      0.000
   2         -6.7      1.821      6.010
   3         -6.5      1.956      7.022
   4         -6.4      1.759      2.373
   5         -6.4      1.730      2.588
   6         -6.3      3.181      6.935
   7         -6.2      3.651      9.482
   8         -6.2      3.248      8.358
   9         -6.2      2.746      6.498
  10         -6.1      3.050      7.201
  11         -6.1      2.268      8.075
  12         -6.0      2.930      8.102
  13         -6.0      2.581      6.667
  14         -6.0      2.689      7.324
  15         -6.0      2.323      7.656
  16         -5.9      2.135      6.786
  17         -5.9      3.472      9.030
  18         -5.9      3.926      8.429
  19         -5.8      2.176      8.108
  20         -5.8      2.012      7.342
Writing output ... done.
