############################################################################
# If you used Quick Vina 2 in your work, please cite:                      #
#                                                                          #
# Amr Alhossary, Stephanus Daniel Handoko, Yuguang Mu, and Chee-Keong Kwoh,#
# Fast, Accurate, and Reliable Molecular Docking with QuickVina 2,         #
# Bioinformatics (2015), doi: 10.1093/bioinformatics/btv082                #
#                                                                          #
# You are also encouraged to cite Quick Vina 1:                            #
# Stephanus Daniel Handoko, Xuchang Ouyang, Chinh Tran To Su, Chee Keong   #
# Kwoh, Yew Soon Ong,                                                      #
# QuickVina: Accelerating AutoDock Vina Using Gradient-Based Heuristics for#
# Global Optimization,                                                     #
# IEEE/ACM Transactions on Computational Biology and Bioinformatics,vol.9, #
# no. 5, pp. 1266-1272, Sept.-Oct. 2012, doi: 10.1109/TCBB.2012.82         #
#                                                                          #
# and original AutoDock Vina paper:                                        #
# O. Trott, A. J. Olson,                                                   #
# AutoDock Vina: improving the speed and accuracy of docking with a        #
# new scoring function, efficient optimization and multithreading,         #
# Journal of Computational Chemistry 31 (2010) 455-461                     #
# doi: 10.1002/jcc.21334                                                   #
############################################################################

Reading input ... done.
Setting up the scoring function ... done.
Analyzing the binding site ... done.
Using random seed: -466840836
Performing search ... done.
Refining results ... done.

mode |   affinity | dist from best mode
     | (kcal/mol) | rmsd l.b.| rmsd u.b.
-----+------------+----------+----------
   1         -7.0      0.000      0.000
   2         -6.7      2.901      7.961
   3         -6.7      2.679      8.575
   4         -6.7      2.967      7.379
   5         -6.2      2.487      6.975
   6         -6.2      4.064      8.187
   7         -6.2      3.288      8.380
   8         -6.2      4.113      8.566
   9         -6.1      3.649      8.857
  10         -6.1      2.988      6.280
  11         -6.1      2.124      6.178
  12         -6.0      2.633      6.529
  13         -6.0      3.578      6.754
  14         -6.0      4.893     10.250
  15         -6.0      3.572      8.342
  16         -6.0      4.275      8.214
  17         -5.9      3.561      9.089
  18         -5.9      2.475      6.493
  19         -5.9      3.612      8.291
  20         -5.8      4.004      9.027
Writing output ... done.
