############################################################################
# If you used Quick Vina 2 in your work, please cite:                      #
#                                                                          #
# Amr Alhossary, Stephanus Daniel Handoko, Yuguang Mu, and Chee-Keong Kwoh,#
# Fast, Accurate, and Reliable Molecular Docking with QuickVina 2,         #
# Bioinformatics (2015), doi: 10.1093/bioinformatics/btv082                #
#                                                                          #
# You are also encouraged to cite Quick Vina 1:                            #
# Stephanus Daniel Handoko, Xuchang Ouyang, Chinh Tran To Su, Chee Keong   #
# Kwoh, Yew Soon Ong,                                                      #
# QuickVina: Accelerating AutoDock Vina Using Gradient-Based Heuristics for#
# Global Optimization,                                                     #
# IEEE/ACM Transactions on Computational Biology and Bioinformatics,vol.9, #
# no. 5, pp. 1266-1272, Sept.-Oct. 2012, doi: 10.1109/TCBB.2012.82         #
#                                                                          #
# and original AutoDock Vina paper:                                        #
# O. Trott, A. J. Olson,                                                   #
# AutoDock Vina: improving the speed and accuracy of docking with a        #
# new scoring function, efficient optimization and multithreading,         #
# Journal of Computational Chemistry 31 (2010) 455-461                     #
# doi: 10.1002/jcc.21334                                                   #
############################################################################

Reading input ... done.
Setting up the scoring function ... done.
Analyzing the binding site ... done.
Using random seed: -1592537104
Performing search ... done.
Refining results ... done.

mode |   affinity | dist from best mode
     | (kcal/mol) | rmsd l.b.| rmsd u.b.
-----+------------+----------+----------
   1         -6.8      0.000      0.000
   2         -6.6      2.282      5.816
   3         -6.5      2.251      6.852
   4         -6.4      3.110      7.226
   5         -6.4      2.551      5.974
   6         -6.3      2.143      5.480
   7         -6.2      2.670      6.774
   8         -6.2      2.172      7.942
   9         -6.0      2.428      6.179
  10         -6.0      2.936      7.711
  11         -6.0      2.125      6.502
  12         -6.0      2.403      8.024
  13         -6.0      2.277      6.036
  14         -6.0      2.416      8.251
  15         -5.9      2.060      6.360
  16         -5.9      2.362      7.382
  17         -5.8      2.446      8.414
  18         -5.8      2.578      6.979
  19         -5.8      2.833      6.922
  20         -5.7      2.630      7.513
Writing output ... done.
