############################################################################
# If you used Quick Vina 2 in your work, please cite:                      #
#                                                                          #
# Amr Alhossary, Stephanus Daniel Handoko, Yuguang Mu, and Chee-Keong Kwoh,#
# Fast, Accurate, and Reliable Molecular Docking with QuickVina 2,         #
# Bioinformatics (2015), doi: 10.1093/bioinformatics/btv082                #
#                                                                          #
# You are also encouraged to cite Quick Vina 1:                            #
# Stephanus Daniel Handoko, Xuchang Ouyang, Chinh Tran To Su, Chee Keong   #
# Kwoh, Yew Soon Ong,                                                      #
# QuickVina: Accelerating AutoDock Vina Using Gradient-Based Heuristics for#
# Global Optimization,                                                     #
# IEEE/ACM Transactions on Computational Biology and Bioinformatics,vol.9, #
# no. 5, pp. 1266-1272, Sept.-Oct. 2012, doi: 10.1109/TCBB.2012.82         #
#                                                                          #
# and original AutoDock Vina paper:                                        #
# O. Trott, A. J. Olson,                                                   #
# AutoDock Vina: improving the speed and accuracy of docking with a        #
# new scoring function, efficient optimization and multithreading,         #
# Journal of Computational Chemistry 31 (2010) 455-461                     #
# doi: 10.1002/jcc.21334                                                   #
############################################################################

Reading input ... done.
Setting up the scoring function ... done.
Analyzing the binding site ... done.
Using random seed: -674658612
Performing search ... done.
Refining results ... done.

mode |   affinity | dist from best mode
     | (kcal/mol) | rmsd l.b.| rmsd u.b.
-----+------------+----------+----------
   1         -6.9      0.000      0.000
   2         -6.9      2.114      2.944
   3         -6.8      3.009      6.453
   4         -6.6      2.940      7.800
   5         -6.6      2.984      8.557
   6         -6.5      3.025      8.411
   7         -6.5      3.395      5.760
   8         -6.5      3.764      7.447
   9         -6.4      1.951      5.514
  10         -6.4      2.693      6.909
  11         -6.4      3.959      7.689
  12         -6.4      2.640      9.112
  13         -6.3      2.259      5.746
  14         -6.3      3.121      6.187
  15         -6.3      3.085      8.307
  16         -6.3      2.921      9.657
  17         -6.3      4.174      9.971
  18         -6.3      2.737      7.985
  19         -6.2      2.753      8.410
  20         -6.2      2.607      9.096
Writing output ... done.
