############################################################################
# If you used Quick Vina 2 in your work, please cite:                      #
#                                                                          #
# Amr Alhossary, Stephanus Daniel Handoko, Yuguang Mu, and Chee-Keong Kwoh,#
# Fast, Accurate, and Reliable Molecular Docking with QuickVina 2,         #
# Bioinformatics (2015), doi: 10.1093/bioinformatics/btv082                #
#                                                                          #
# You are also encouraged to cite Quick Vina 1:                            #
# Stephanus Daniel Handoko, Xuchang Ouyang, Chinh Tran To Su, Chee Keong   #
# Kwoh, Yew Soon Ong,                                                      #
# QuickVina: Accelerating AutoDock Vina Using Gradient-Based Heuristics for#
# Global Optimization,                                                     #
# IEEE/ACM Transactions on Computational Biology and Bioinformatics,vol.9, #
# no. 5, pp. 1266-1272, Sept.-Oct. 2012, doi: 10.1109/TCBB.2012.82         #
#                                                                          #
# and original AutoDock Vina paper:                                        #
# O. Trott, A. J. Olson,                                                   #
# AutoDock Vina: improving the speed and accuracy of docking with a        #
# new scoring function, efficient optimization and multithreading,         #
# Journal of Computational Chemistry 31 (2010) 455-461                     #
# doi: 10.1002/jcc.21334                                                   #
############################################################################

Reading input ... done.
Setting up the scoring function ... done.
Analyzing the binding site ... done.
Using random seed: -7901590
Performing search ... done.
Refining results ... done.

mode |   affinity | dist from best mode
     | (kcal/mol) | rmsd l.b.| rmsd u.b.
-----+------------+----------+----------
   1         -7.6      0.000      0.000
   2         -7.6      2.931      5.836
   3         -7.4      3.052      7.786
   4         -7.4      3.912     10.184
   5         -7.3      2.183      5.752
   6         -7.3      3.477      7.198
   7         -7.2      3.724     10.455
   8         -7.2      3.753      7.815
   9         -7.1      3.217     11.325
  10         -7.1      3.284      9.315
  11         -7.1      3.771      7.094
  12         -7.1      3.435      6.924
  13         -7.1      3.005      6.887
  14         -7.0      3.229      8.619
  15         -7.0      4.264     11.242
  16         -7.0      3.765      9.813
  17         -7.0      3.149      6.227
  18         -7.0      2.902      5.718
  19         -7.0      2.797      7.047
  20         -6.9      2.734     10.601
Writing output ... done.
