############################################################################
# If you used Quick Vina 2 in your work, please cite:                      #
#                                                                          #
# Amr Alhossary, Stephanus Daniel Handoko, Yuguang Mu, and Chee-Keong Kwoh,#
# Fast, Accurate, and Reliable Molecular Docking with QuickVina 2,         #
# Bioinformatics (2015), doi: 10.1093/bioinformatics/btv082                #
#                                                                          #
# You are also encouraged to cite Quick Vina 1:                            #
# Stephanus Daniel Handoko, Xuchang Ouyang, Chinh Tran To Su, Chee Keong   #
# Kwoh, Yew Soon Ong,                                                      #
# QuickVina: Accelerating AutoDock Vina Using Gradient-Based Heuristics for#
# Global Optimization,                                                     #
# IEEE/ACM Transactions on Computational Biology and Bioinformatics,vol.9, #
# no. 5, pp. 1266-1272, Sept.-Oct. 2012, doi: 10.1109/TCBB.2012.82         #
#                                                                          #
# and original AutoDock Vina paper:                                        #
# O. Trott, A. J. Olson,                                                   #
# AutoDock Vina: improving the speed and accuracy of docking with a        #
# new scoring function, efficient optimization and multithreading,         #
# Journal of Computational Chemistry 31 (2010) 455-461                     #
# doi: 10.1002/jcc.21334                                                   #
############################################################################

Reading input ... done.
Setting up the scoring function ... done.
Analyzing the binding site ... done.
Using random seed: -1384719328
Performing search ... done.
Refining results ... done.

mode |   affinity | dist from best mode
     | (kcal/mol) | rmsd l.b.| rmsd u.b.
-----+------------+----------+----------
   1         -6.9      0.000      0.000
   2         -6.8      2.552      6.244
   3         -6.7      2.916      9.928
   4         -6.7      2.576      7.233
   5         -6.7      2.376      7.101
   6         -6.7      2.623      8.451
   7         -6.5      2.438      9.269
   8         -6.5      3.917      8.169
   9         -6.4      2.266      3.450
  10         -6.4      2.690      7.351
  11         -6.4      2.963      9.884
  12         -6.4      2.264      5.585
  13         -6.3      2.419      5.907
  14         -6.3      2.718      9.144
  15         -6.3      2.603      6.792
  16         -6.2      2.519      9.770
  17         -6.1      2.670      8.973
  18         -6.0      2.622      7.916
  19         -6.0      2.302      7.278
  20         -6.0      3.079      7.769
Writing output ... done.
