############################################################################
# If you used Quick Vina 2 in your work, please cite:                      #
#                                                                          #
# Amr Alhossary, Stephanus Daniel Handoko, Yuguang Mu, and Chee-Keong Kwoh,#
# Fast, Accurate, and Reliable Molecular Docking with QuickVina 2,         #
# Bioinformatics (2015), doi: 10.1093/bioinformatics/btv082                #
#                                                                          #
# You are also encouraged to cite Quick Vina 1:                            #
# Stephanus Daniel Handoko, Xuchang Ouyang, Chinh Tran To Su, Chee Keong   #
# Kwoh, Yew Soon Ong,                                                      #
# QuickVina: Accelerating AutoDock Vina Using Gradient-Based Heuristics for#
# Global Optimization,                                                     #
# IEEE/ACM Transactions on Computational Biology and Bioinformatics,vol.9, #
# no. 5, pp. 1266-1272, Sept.-Oct. 2012, doi: 10.1109/TCBB.2012.82         #
#                                                                          #
# and original AutoDock Vina paper:                                        #
# O. Trott, A. J. Olson,                                                   #
# AutoDock Vina: improving the speed and accuracy of docking with a        #
# new scoring function, efficient optimization and multithreading,         #
# Journal of Computational Chemistry 31 (2010) 455-461                     #
# doi: 10.1002/jcc.21334                                                   #
############################################################################

Reading input ... done.
Setting up the scoring function ... done.
Analyzing the binding site ... done.
Using random seed: 1576733924
Performing search ... done.
Refining results ... done.

mode |   affinity | dist from best mode
     | (kcal/mol) | rmsd l.b.| rmsd u.b.
-----+------------+----------+----------
   1         -7.2      0.000      0.000
   2         -6.8      2.524      8.135
   3         -6.6      2.588      6.990
   4         -6.6      2.864      9.119
   5         -6.6      2.927      7.856
   6         -6.6      2.908      7.849
   7         -6.5      4.062     10.159
   8         -6.5      2.907      6.946
   9         -6.4      2.314      7.779
  10         -6.4      2.637      5.056
  11         -6.4      2.959      6.127
  12         -6.3      2.067      7.639
  13         -6.3      3.430      9.194
  14         -6.3      1.912      5.299
  15         -6.3      3.174      7.228
  16         -6.2      1.748      2.624
  17         -6.2      2.713      7.388
  18         -6.2      3.142      6.921
  19         -6.2      2.522      7.309
  20         -6.1      2.442      5.207
Writing output ... done.
