############################################################################
# If you used Quick Vina 2 in your work, please cite:                      #
#                                                                          #
# Amr Alhossary, Stephanus Daniel Handoko, Yuguang Mu, and Chee-Keong Kwoh,#
# Fast, Accurate, and Reliable Molecular Docking with QuickVina 2,         #
# Bioinformatics (2015), doi: 10.1093/bioinformatics/btv082                #
#                                                                          #
# You are also encouraged to cite Quick Vina 1:                            #
# Stephanus Daniel Handoko, Xuchang Ouyang, Chinh Tran To Su, Chee Keong   #
# Kwoh, Yew Soon Ong,                                                      #
# QuickVina: Accelerating AutoDock Vina Using Gradient-Based Heuristics for#
# Global Optimization,                                                     #
# IEEE/ACM Transactions on Computational Biology and Bioinformatics,vol.9, #
# no. 5, pp. 1266-1272, Sept.-Oct. 2012, doi: 10.1109/TCBB.2012.82         #
#                                                                          #
# and original AutoDock Vina paper:                                        #
# O. Trott, A. J. Olson,                                                   #
# AutoDock Vina: improving the speed and accuracy of docking with a        #
# new scoring function, efficient optimization and multithreading,         #
# Journal of Computational Chemistry 31 (2010) 455-461                     #
# doi: 10.1002/jcc.21334                                                   #
############################################################################

Reading input ... done.
Setting up the scoring function ... done.
Analyzing the binding site ... done.
Using random seed: 451037656
Performing search ... done.
Refining results ... done.

mode |   affinity | dist from best mode
     | (kcal/mol) | rmsd l.b.| rmsd u.b.
-----+------------+----------+----------
   1         -6.6      0.000      0.000
   2         -6.6      3.535      7.854
   3         -6.5      2.808      7.735
   4         -6.5      2.346      4.878
   5         -6.4      2.245      7.695
   6         -6.4      2.609      5.136
   7         -6.3      2.628      6.243
   8         -6.3      2.587      6.148
   9         -6.2      2.440     10.068
  10         -6.1      2.549      4.649
  11         -6.1      2.588      9.188
  12         -6.0      2.789      9.248
  13         -5.9      3.892      6.499
  14         -5.9      2.447      5.202
  15         -5.9      2.233      5.836
  16         -5.8      2.247      7.689
  17         -5.8      2.850      8.582
  18         -5.8      3.000      8.427
  19         -5.8      2.595      6.051
  20         -5.7      2.822      9.023
Writing output ... done.
