############################################################################
# If you used Quick Vina 2 in your work, please cite:                      #
#                                                                          #
# Amr Alhossary, Stephanus Daniel Handoko, Yuguang Mu, and Chee-Keong Kwoh,#
# Fast, Accurate, and Reliable Molecular Docking with QuickVina 2,         #
# Bioinformatics (2015), doi: 10.1093/bioinformatics/btv082                #
#                                                                          #
# You are also encouraged to cite Quick Vina 1:                            #
# Stephanus Daniel Handoko, Xuchang Ouyang, Chinh Tran To Su, Chee Keong   #
# Kwoh, Yew Soon Ong,                                                      #
# QuickVina: Accelerating AutoDock Vina Using Gradient-Based Heuristics for#
# Global Optimization,                                                     #
# IEEE/ACM Transactions on Computational Biology and Bioinformatics,vol.9, #
# no. 5, pp. 1266-1272, Sept.-Oct. 2012, doi: 10.1109/TCBB.2012.82         #
#                                                                          #
# and original AutoDock Vina paper:                                        #
# O. Trott, A. J. Olson,                                                   #
# AutoDock Vina: improving the speed and accuracy of docking with a        #
# new scoring function, efficient optimization and multithreading,         #
# Journal of Computational Chemistry 31 (2010) 455-461                     #
# doi: 10.1002/jcc.21334                                                   #
############################################################################

Reading input ... done.
Setting up the scoring function ... done.
Analyzing the binding site ... done.
Using random seed: 658855432
Performing search ... done.
Refining results ... done.

mode |   affinity | dist from best mode
     | (kcal/mol) | rmsd l.b.| rmsd u.b.
-----+------------+----------+----------
   1         -6.9      0.000      0.000
   2         -6.7      2.846      8.901
   3         -6.6      2.037      5.877
   4         -6.5      2.910      7.795
   5         -6.5      2.526      6.573
   6         -6.5      2.698      7.416
   7         -6.4      2.385      7.844
   8         -6.3      2.810      7.358
   9         -6.3      2.990      7.961
  10         -6.2      1.835      4.348
  11         -6.2      2.831      6.595
  12         -6.1      3.912     10.172
  13         -6.1      2.864      7.914
  14         -6.1      2.509      8.152
  15         -6.1      1.623      6.987
  16         -6.1      2.214      7.879
  17         -6.1      2.713      6.671
  18         -6.0      2.964      7.718
  19         -6.0      4.512     10.014
  20         -6.0      3.135      7.193
Writing output ... done.
