############################################################################
# If you used Quick Vina 2 in your work, please cite:                      #
#                                                                          #
# Amr Alhossary, Stephanus Daniel Handoko, Yuguang Mu, and Chee-Keong Kwoh,#
# Fast, Accurate, and Reliable Molecular Docking with QuickVina 2,         #
# Bioinformatics (2015), doi: 10.1093/bioinformatics/btv082                #
#                                                                          #
# You are also encouraged to cite Quick Vina 1:                            #
# Stephanus Daniel Handoko, Xuchang Ouyang, Chinh Tran To Su, Chee Keong   #
# Kwoh, Yew Soon Ong,                                                      #
# QuickVina: Accelerating AutoDock Vina Using Gradient-Based Heuristics for#
# Global Optimization,                                                     #
# IEEE/ACM Transactions on Computational Biology and Bioinformatics,vol.9, #
# no. 5, pp. 1266-1272, Sept.-Oct. 2012, doi: 10.1109/TCBB.2012.82         #
#                                                                          #
# and original AutoDock Vina paper:                                        #
# O. Trott, A. J. Olson,                                                   #
# AutoDock Vina: improving the speed and accuracy of docking with a        #
# new scoring function, efficient optimization and multithreading,         #
# Journal of Computational Chemistry 31 (2010) 455-461                     #
# doi: 10.1002/jcc.21334                                                   #
############################################################################

Reading input ... done.
Setting up the scoring function ... done.
Analyzing the binding site ... done.
Using random seed: -1090292262
Performing search ... done.
Refining results ... done.

mode |   affinity | dist from best mode
     | (kcal/mol) | rmsd l.b.| rmsd u.b.
-----+------------+----------+----------
   1         -7.1      0.000      0.000
   2         -6.6      2.936      8.159
   3         -6.5      3.616      6.347
   4         -6.4      2.359      4.051
   5         -6.4      2.379      6.630
   6         -6.3      2.588      6.670
   7         -6.3      2.500      7.620
   8         -6.2      2.596      6.255
   9         -6.1      2.092      3.443
  10         -6.1      2.384      4.043
  11         -6.1      2.511      6.443
  12         -6.1      2.349      5.923
  13         -6.1      2.391      6.767
  14         -6.0      2.453      3.950
  15         -6.0      2.497      5.211
  16         -6.0      2.813      4.473
  17         -5.9      2.457      6.694
  18         -5.9      2.451      6.459
  19         -5.9      2.718      8.491
  20         -5.8      2.104      6.384
Writing output ... done.
