############################################################################
# If you used Quick Vina 2 in your work, please cite:                      #
#                                                                          #
# Amr Alhossary, Stephanus Daniel Handoko, Yuguang Mu, and Chee-Keong Kwoh,#
# Fast, Accurate, and Reliable Molecular Docking with QuickVina 2,         #
# Bioinformatics (2015), doi: 10.1093/bioinformatics/btv082                #
#                                                                          #
# You are also encouraged to cite Quick Vina 1:                            #
# Stephanus Daniel Handoko, Xuchang Ouyang, Chinh Tran To Su, Chee Keong   #
# Kwoh, Yew Soon Ong,                                                      #
# QuickVina: Accelerating AutoDock Vina Using Gradient-Based Heuristics for#
# Global Optimization,                                                     #
# IEEE/ACM Transactions on Computational Biology and Bioinformatics,vol.9, #
# no. 5, pp. 1266-1272, Sept.-Oct. 2012, doi: 10.1109/TCBB.2012.82         #
#                                                                          #
# and original AutoDock Vina paper:                                        #
# O. Trott, A. J. Olson,                                                   #
# AutoDock Vina: improving the speed and accuracy of docking with a        #
# new scoring function, efficient optimization and multithreading,         #
# Journal of Computational Chemistry 31 (2010) 455-461                     #
# doi: 10.1002/jcc.21334                                                   #
############################################################################

Reading input ... done.
Setting up the scoring function ... done.
Analyzing the binding site ... done.
Using random seed: -2008172656
Performing search ... done.
Refining results ... done.

mode |   affinity | dist from best mode
     | (kcal/mol) | rmsd l.b.| rmsd u.b.
-----+------------+----------+----------
   1         -7.3      0.000      0.000
   2         -6.9      3.233      6.741
   3         -6.9      3.080      9.353
   4         -6.8      2.704      6.277
   5         -6.8      2.542      9.869
   6         -6.8      2.614      8.977
   7         -6.6      2.598      6.849
   8         -6.6      2.711      7.184
   9         -6.5      2.592      8.809
  10         -6.5      2.567      6.679
  11         -6.4      2.284      5.902
  12         -6.4      2.853      9.164
  13         -6.4      3.032      5.502
  14         -6.4      1.505      2.174
  15         -6.4      3.225     10.050
  16         -6.4      2.200      4.370
  17         -6.3      2.723     10.252
  18         -6.3      2.579      6.714
  19         -6.3      2.435      9.047
  20         -6.2      2.693      9.648
Writing output ... done.
