############################################################################
# If you used Quick Vina 2 in your work, please cite:                      #
#                                                                          #
# Amr Alhossary, Stephanus Daniel Handoko, Yuguang Mu, and Chee-Keong Kwoh,#
# Fast, Accurate, and Reliable Molecular Docking with QuickVina 2,         #
# Bioinformatics (2015), doi: 10.1093/bioinformatics/btv082                #
#                                                                          #
# You are also encouraged to cite Quick Vina 1:                            #
# Stephanus Daniel Handoko, Xuchang Ouyang, Chinh Tran To Su, Chee Keong   #
# Kwoh, Yew Soon Ong,                                                      #
# QuickVina: Accelerating AutoDock Vina Using Gradient-Based Heuristics for#
# Global Optimization,                                                     #
# IEEE/ACM Transactions on Computational Biology and Bioinformatics,vol.9, #
# no. 5, pp. 1266-1272, Sept.-Oct. 2012, doi: 10.1109/TCBB.2012.82         #
#                                                                          #
# and original AutoDock Vina paper:                                        #
# O. Trott, A. J. Olson,                                                   #
# AutoDock Vina: improving the speed and accuracy of docking with a        #
# new scoring function, efficient optimization and multithreading,         #
# Journal of Computational Chemistry 31 (2010) 455-461                     #
# doi: 10.1002/jcc.21334                                                   #
############################################################################

Reading input ... done.
Setting up the scoring function ... done.
Analyzing the binding site ... done.
Using random seed: 2078978768
Performing search ... done.
Refining results ... done.

mode |   affinity | dist from best mode
     | (kcal/mol) | rmsd l.b.| rmsd u.b.
-----+------------+----------+----------
   1         -7.3      0.000      0.000
   2         -6.9      3.371      6.663
   3         -6.9      1.655      2.516
   4         -6.8      2.914      7.749
   5         -6.8      2.121      5.725
   6         -6.7      2.950      9.259
   7         -6.5      2.033      7.710
   8         -6.5      3.169      7.620
   9         -6.4      3.257      7.405
  10         -6.3      3.087      8.492
  11         -6.3      3.162      7.747
  12         -6.3      3.533      8.530
  13         -6.3      3.288      7.420
  14         -6.2      2.535      7.466
  15         -6.2      2.594      7.982
  16         -6.2      2.648      5.398
  17         -6.2      1.961      7.489
  18         -6.2      3.318      9.649
  19         -6.2      2.711      7.559
  20         -6.0      3.371      9.257
Writing output ... done.
