############################################################################
# If you used Quick Vina 2 in your work, please cite:                      #
#                                                                          #
# Amr Alhossary, Stephanus Daniel Handoko, Yuguang Mu, and Chee-Keong Kwoh,#
# Fast, Accurate, and Reliable Molecular Docking with QuickVina 2,         #
# Bioinformatics (2015), doi: 10.1093/bioinformatics/btv082                #
#                                                                          #
# You are also encouraged to cite Quick Vina 1:                            #
# Stephanus Daniel Handoko, Xuchang Ouyang, Chinh Tran To Su, Chee Keong   #
# Kwoh, Yew Soon Ong,                                                      #
# QuickVina: Accelerating AutoDock Vina Using Gradient-Based Heuristics for#
# Global Optimization,                                                     #
# IEEE/ACM Transactions on Computational Biology and Bioinformatics,vol.9, #
# no. 5, pp. 1266-1272, Sept.-Oct. 2012, doi: 10.1109/TCBB.2012.82         #
#                                                                          #
# and original AutoDock Vina paper:                                        #
# O. Trott, A. J. Olson,                                                   #
# AutoDock Vina: improving the speed and accuracy of docking with a        #
# new scoring function, efficient optimization and multithreading,         #
# Journal of Computational Chemistry 31 (2010) 455-461                     #
# doi: 10.1002/jcc.21334                                                   #
############################################################################

Reading input ... done.
Setting up the scoring function ... done.
Analyzing the binding site ... done.
Using random seed: 35402104
Performing search ... done.
Refining results ... done.

mode |   affinity | dist from best mode
     | (kcal/mol) | rmsd l.b.| rmsd u.b.
-----+------------+----------+----------
   1         -6.9      0.000      0.000
   2         -6.5      2.627      5.919
   3         -6.4      1.701      2.498
   4         -6.3      2.282      8.038
   5         -6.3      3.980      9.660
   6         -6.2      2.921      7.080
   7         -6.2      2.798      6.985
   8         -6.2      3.801      9.582
   9         -6.0      2.559      7.696
  10         -5.9      3.501      9.138
  11         -5.9      3.333      9.217
  12         -5.9      2.938      7.528
  13         -5.8      3.970      7.724
  14         -5.8      3.283      8.185
  15         -5.8      3.628      8.047
  16         -5.8      2.291      7.750
  17         -5.7      3.546      7.623
  18         -5.7      2.764      8.248
  19         -5.7      2.943      7.456
  20         -5.7      2.188      7.518
Writing output ... done.
