############################################################################
# If you used Quick Vina 2 in your work, please cite:                      #
#                                                                          #
# Amr Alhossary, Stephanus Daniel Handoko, Yuguang Mu, and Chee-Keong Kwoh,#
# Fast, Accurate, and Reliable Molecular Docking with QuickVina 2,         #
# Bioinformatics (2015), doi: 10.1093/bioinformatics/btv082                #
#                                                                          #
# You are also encouraged to cite Quick Vina 1:                            #
# Stephanus Daniel Handoko, Xuchang Ouyang, Chinh Tran To Su, Chee Keong   #
# Kwoh, Yew Soon Ong,                                                      #
# QuickVina: Accelerating AutoDock Vina Using Gradient-Based Heuristics for#
# Global Optimization,                                                     #
# IEEE/ACM Transactions on Computational Biology and Bioinformatics,vol.9, #
# no. 5, pp. 1266-1272, Sept.-Oct. 2012, doi: 10.1109/TCBB.2012.82         #
#                                                                          #
# and original AutoDock Vina paper:                                        #
# O. Trott, A. J. Olson,                                                   #
# AutoDock Vina: improving the speed and accuracy of docking with a        #
# new scoring function, efficient optimization and multithreading,         #
# Journal of Computational Chemistry 31 (2010) 455-461                     #
# doi: 10.1002/jcc.21334                                                   #
############################################################################

Reading input ... done.
Setting up the scoring function ... done.
Analyzing the binding site ... done.
Using random seed: 1368916148
Performing search ... done.
Refining results ... done.

mode |   affinity | dist from best mode
     | (kcal/mol) | rmsd l.b.| rmsd u.b.
-----+------------+----------+----------
   1         -7.0      0.000      0.000
   2         -6.8      3.323      7.907
   3         -6.7      2.441      6.439
   4         -6.4      3.155      6.785
   5         -6.4      2.693      4.769
   6         -6.3      2.434      5.848
   7         -6.2      2.648      5.328
   8         -6.2      2.267      6.315
   9         -6.1      2.458      5.570
  10         -6.1      3.036      9.041
  11         -6.0      1.966      2.528
  12         -5.9      2.905      8.031
  13         -5.9      2.657      4.993
  14         -5.8      2.711      7.850
  15         -5.8      3.174      5.847
  16         -5.8      3.529      7.005
  17         -5.8      2.583      6.249
  18         -5.8      3.138      7.023
  19         -5.8      3.348      7.215
  20         -5.8      2.805      8.468
Writing output ... done.
