############################################################################
# If you used Quick Vina 2 in your work, please cite:                      #
#                                                                          #
# Amr Alhossary, Stephanus Daniel Handoko, Yuguang Mu, and Chee-Keong Kwoh,#
# Fast, Accurate, and Reliable Molecular Docking with QuickVina 2,         #
# Bioinformatics (2015), doi: 10.1093/bioinformatics/btv082                #
#                                                                          #
# You are also encouraged to cite Quick Vina 1:                            #
# Stephanus Daniel Handoko, Xuchang Ouyang, Chinh Tran To Su, Chee Keong   #
# Kwoh, Yew Soon Ong,                                                      #
# QuickVina: Accelerating AutoDock Vina Using Gradient-Based Heuristics for#
# Global Optimization,                                                     #
# IEEE/ACM Transactions on Computational Biology and Bioinformatics,vol.9, #
# no. 5, pp. 1266-1272, Sept.-Oct. 2012, doi: 10.1109/TCBB.2012.82         #
#                                                                          #
# and original AutoDock Vina paper:                                        #
# O. Trott, A. J. Olson,                                                   #
# AutoDock Vina: improving the speed and accuracy of docking with a        #
# new scoring function, efficient optimization and multithreading,         #
# Journal of Computational Chemistry 31 (2010) 455-461                     #
# doi: 10.1002/jcc.21334                                                   #
############################################################################

Reading input ... done.
Setting up the scoring function ... done.
Analyzing the binding site ... done.
Using random seed: 1161098372
Performing search ... done.
Refining results ... done.

mode |   affinity | dist from best mode
     | (kcal/mol) | rmsd l.b.| rmsd u.b.
-----+------------+----------+----------
   1         -7.6      0.000      0.000
   2         -7.6      2.422      7.362
   3         -7.5      3.182      7.276
   4         -7.4      2.999      8.344
   5         -7.4      2.286      6.740
   6         -7.3      2.542      6.104
   7         -7.3      3.515      7.331
   8         -7.2      2.360      6.542
   9         -7.2      2.559      8.419
  10         -7.2      3.547      8.427
  11         -7.2      1.811      2.514
  12         -7.2      2.924      8.437
  13         -7.1      3.150      8.605
  14         -7.1      2.675      6.403
  15         -7.1      2.650      6.394
  16         -7.0      2.563      8.001
  17         -7.0      2.865      6.254
  18         -7.0      2.582      8.320
  19         -7.0      2.204      6.864
  20         -6.9      2.973      5.769
Writing output ... done.
