############################################################################
# If you used Quick Vina 2 in your work, please cite:                      #
#                                                                          #
# Amr Alhossary, Stephanus Daniel Handoko, Yuguang Mu, and Chee-Keong Kwoh,#
# Fast, Accurate, and Reliable Molecular Docking with QuickVina 2,         #
# Bioinformatics (2015), doi: 10.1093/bioinformatics/btv082                #
#                                                                          #
# You are also encouraged to cite Quick Vina 1:                            #
# Stephanus Daniel Handoko, Xuchang Ouyang, Chinh Tran To Su, Chee Keong   #
# Kwoh, Yew Soon Ong,                                                      #
# QuickVina: Accelerating AutoDock Vina Using Gradient-Based Heuristics for#
# Global Optimization,                                                     #
# IEEE/ACM Transactions on Computational Biology and Bioinformatics,vol.9, #
# no. 5, pp. 1266-1272, Sept.-Oct. 2012, doi: 10.1109/TCBB.2012.82         #
#                                                                          #
# and original AutoDock Vina paper:                                        #
# O. Trott, A. J. Olson,                                                   #
# AutoDock Vina: improving the speed and accuracy of docking with a        #
# new scoring function, efficient optimization and multithreading,         #
# Journal of Computational Chemistry 31 (2010) 455-461                     #
# doi: 10.1002/jcc.21334                                                   #
############################################################################

Reading input ... done.
Setting up the scoring function ... done.
Analyzing the binding site ... done.
Using random seed: 494343253
Performing search ... done.
Refining results ... done.

mode |   affinity | dist from best mode
     | (kcal/mol) | rmsd l.b.| rmsd u.b.
-----+------------+----------+----------
   1         -7.2      0.000      0.000
   2         -7.2      2.940      5.339
   3         -7.0      2.148      5.876
   4         -6.8      2.521      6.685
   5         -6.8      2.944      7.754
   6         -6.8      3.207      9.215
   7         -6.7      2.963      7.764
   8         -6.7      4.079     10.207
   9         -6.5      3.417      7.647
  10         -6.5      2.894      7.818
  11         -6.5      2.034      4.489
  12         -6.5      2.557      5.812
  13         -6.4      3.259      7.978
  14         -6.4      3.185      8.413
  15         -6.4      3.669      9.537
  16         -6.4      3.358      7.499
  17         -6.4      3.528      9.751
  18         -6.3      2.366      6.217
  19         -6.3      2.726      7.884
  20         -6.2      3.683      9.141
Writing output ... done.
