pdb index: crystal_redock_e8_er3_1
file directory: /home/caio/Documentos/COVID-19/6lu7/deltaVinaXGB/ligand_A_All
feature will be calculated:all
output filename : score.csv
Ligand for conformation stability:crystal_redock_e8_er3_1_ligand.mol2
Ligand for Vina, SASA, BA, ION:crystal_redock_e8_er3_1_ligand_rename.pdb
Protein without water molecules:crystal_redock_e8_er3_1_protein.pdb
Protein with water molecules:crystal_redock_e8_er3_1_protein_all.pdb
Finish Input Preparation
No Consideration of Water
No Optimized Ligand
C
pdb index: crystal_redock_e8_er3_1
file directory: /home/caio/Documentos/COVID-19/6lu7/deltaVinaXGB/ligand_B_All
feature will be calculated:all
output filename : score.csv
Ligand for conformation stability:crystal_redock_e8_er3_1_ligand.mol2
Ligand for Vina, SASA, BA, ION:crystal_redock_e8_er3_1_ligand_rename.pdb
Protein without water molecules:crystal_redock_e8_er3_1_protein.pdb
Protein with water molecules:crystal_redock_e8_er3_1_protein_all.pdb
Finish Input Preparation
No Consideration of Water
No Optimized Ligand
C
pdb index: crystal_redock_e24_er3_1
file directory: /home/caio/Documentos/COVID-19/6lu7/deltaVinaXGB/ligand_A_All
feature will be calculated:all
output filename : score.csv
Ligand for conformation stability:crystal_redock_e24_er3_1_ligand.mol2
Ligand for Vina, SASA, BA, ION:crystal_redock_e24_er3_1_ligand_rename.pdb
Protein without water molecules:crystal_redock_e24_er3_1_protein.pdb
Protein with water molecules:crystal_redock_e24_er3_1_protein_all.pdb
Finish Input Preparation
No Consideration of Water
No Optimized Ligand
C
pdb index: crystal_redock_e24_er3_1
file directory: /home/caio/Documentos/COVID-19/6lu7/deltaVinaXGB/ligand_B_All
feature will be calculated:all
output filename : score.csv
Ligand for conformation stability:crystal_redock_e24_er3_1_ligand.mol2
Ligand for Vina, SASA, BA, ION:crystal_redock_e24_er3_1_ligand_rename.pdb
Protein without water molecules:crystal_redock_e24_er3_1_protein.pdb
Protein with water molecules:crystal_redock_e24_er3_1_protein_all.pdb
Finish Input Preparation
No Consideration of Water
No Optimized Ligand
C
pdb index: crystal_redock_e32_er3_1
file directory: /home/caio/Documentos/COVID-19/6lu7/deltaVinaXGB/ligand_A_All
feature will be calculated:all
output filename : score.csv
Ligand for conformation stability:crystal_redock_e32_er3_1_ligand.mol2
Ligand for Vina, SASA, BA, ION:crystal_redock_e32_er3_1_ligand_rename.pdb
Protein without water molecules:crystal_redock_e32_er3_1_protein.pdb
Protein with water molecules:crystal_redock_e32_er3_1_protein_all.pdb
Finish Input Preparation
No Consideration of Water
No Optimized Ligand
C
Finish Vina
Finish SASA
No Ion
Finish Ion
Input Type:mol2
mol has been read
The total number of conformers before clustering: 1000
The total number of conformers after clustring: 998
The lowest energy: 78.50087994934354
Input Type:mol2
Finish Feature Calculation
pdb index: crystal_redock_e32_er3_1
file directory: /home/caio/Documentos/COVID-19/6lu7/deltaVinaXGB/ligand_B_All
feature will be calculated:all
output filename : score.csv
Ligand for conformation stability:crystal_redock_e32_er3_1_ligand.mol2
Ligand for Vina, SASA, BA, ION:crystal_redock_e32_er3_1_ligand_rename.pdb
Protein without water molecules:crystal_redock_e32_er3_1_protein.pdb
Protein with water molecules:crystal_redock_e32_er3_1_protein_all.pdb
Finish Input Preparation
No Consideration of Water
No Optimized Ligand
C
Finish Vina
Finish SASA
No Ion
Finish Ion
Input Type:mol2
mol has been read
The total number of conformers before clustering: 1000
The total number of conformers after clustring: 998
The lowest energy: 78.500881228812
Input Type:mol2
Finish Feature Calculation
pdb index: 6lu7
file directory: /home/caio/Documentos/COVID-19/6lu7/deltaVinaXGB/ligand_B_AllIntoOne
feature will be calculated:all
output filename : score.csv
Ligand for conformation stability:6lu7_ligand.mol2
Ligand for Vina, SASA, BA, ION:6lu7_ligand_rename.pdb
Protein without water molecules:6lu7_protein.pdb
Protein with water molecules:6lu7_protein_all.pdb
Finish Input Preparation
No Consideration of Water
No Optimized Ligand
C
Finish Vina
Finish SASA
No Ion
Finish Ion
Input Type:mol2
mol has been read
The total number of conformers before clustering: 1000
The total number of conformers after clustring: 999
The lowest energy: 79.04142348475362
Input Type:mol2
Finish Feature Calculation
pdb index: 6lu7
file directory: /home/caio/Documentos/COVID-19/6lu7/deltaVinaXGB/ligand_A_AllIntoOne
feature will be calculated:all
output filename : score.csv
Ligand for conformation stability:6lu7_ligand.mol2
Ligand for Vina, SASA, BA, ION:6lu7_ligand_rename.pdb
Protein without water molecules:6lu7_protein.pdb
Protein with water molecules:6lu7_protein_all.pdb
Finish Input Preparation
No Consideration of Water
No Optimized Ligand
C
Finish Vina
Finish SASA
No Ion
Finish Ion
Input Type:mol2
mol has been read
The total number of conformers before clustering: 1000
The total number of conformers after clustring: 1000
The lowest energy: 80.79360449311646
Input Type:mol2
Finish Feature Calculation
